[26/05/2025 23:27:18] [INFO] [MAIN] Iniciando processo de coleta de dados na Last.fm...
[26/05/2025 23:27:18] [INFO] [CHECK] Verificando se já houve coleta hoje...
[26/05/2025 23:27:19] [INFO] [CHECK] Arquivo Excel não encontrado no S3. Prosseguindo...
[26/05/2025 23:27:19] [INFO] [INFO] Buscando dados para: "Bruno Mars"
[26/05/2025 23:27:19] [INFO] [INFO] Dados encontrados para: "Bruno Mars"
[26/05/2025 23:27:19] [INFO] [INFO] Buscando dados para: "Ne-Yo"
[26/05/2025 23:27:19] [INFO] [INFO] Dados encontrados para: "Ne-Yo"
[26/05/2025 23:27:19] [INFO] [INFO] Buscando dados para: "Sean Kingston"
[26/05/2025 23:27:20] [INFO] [INFO] Dados encontrados para: "Sean Kingston"
[26/05/2025 23:27:20] [INFO] [INFO] Buscando dados para: "Justin Timberlake"
[26/05/2025 23:27:20] [INFO] [INFO] Dados encontrados para: "Justin Timberlake"
[26/05/2025 23:27:20] [INFO] [INFO] Buscando dados para: "Justin Bieber"
[26/05/2025 23:27:20] [INFO] [INFO] Dados encontrados para: "Justin Bieber"
[26/05/2025 23:27:20] [INFO] [INFO] Buscando dados para: "Usher"
[26/05/2025 23:27:20] [INFO] [INFO] Dados encontrados para: "Usher"
[26/05/2025 23:27:20] [INFO] [INFO] Buscando dados para: "Maroon 5"
[26/05/2025 23:27:20] [INFO] [INFO] Dados encontrados para: "Maroon 5"
[26/05/2025 23:27:20] [INFO] [INFO] Buscando dados para: "Taio Cruz"
[26/05/2025 23:27:20] [INFO] [INFO] Dados encontrados para: "Taio Cruz"
[26/05/2025 23:27:20] [INFO] [INFO] Buscando dados para: "The Weeknd"
[26/05/2025 23:27:21] [INFO] [INFO] Dados encontrados para: "The Weeknd"
[26/05/2025 23:27:21] [INFO] [INFO] Buscando dados para: "Akon"
[26/05/2025 23:27:21] [INFO] [INFO] Dados encontrados para: "Akon"
[26/05/2025 23:27:21] [INFO] [INFO] Buscando dados para: "Zayn"
[26/05/2025 23:27:21] [INFO] [INFO] Dados encontrados para: "Zayn"
[26/05/2025 23:27:21] [INFO] [INFO] Buscando dados para: "Lady Gaga"
[26/05/2025 23:27:21] [INFO] [INFO] Dados encontrados para: "Lady Gaga"
[26/05/2025 23:27:21] [INFO] [INFO] Buscando dados para: "Beyoncé"
[26/05/2025 23:27:21] [INFO] [INFO] Dados encontrados para: "Beyoncé"
[26/05/2025 23:27:21] [INFO] [INFO] Buscando dados para: "Dua Lipa"
[26/05/2025 23:27:22] [INFO] [INFO] Dados encontrados para: "Dua Lipa"
[26/05/2025 23:27:22] [INFO] [INFO] Buscando dados para: "Madonna"
[26/05/2025 23:27:22] [INFO] [INFO] Dados encontrados para: "Madonna"
[26/05/2025 23:27:22] [INFO] [INFO] Buscando dados para: "Britney Spears"
[26/05/2025 23:27:22] [INFO] [INFO] Dados encontrados para: "Britney Spears"
[26/05/2025 23:27:22] [INFO] [INFO] Buscando dados para: "Kylie Minogue"
[26/05/2025 23:27:22] [INFO] [INFO] Dados encontrados para: "Kylie Minogue"
[26/05/2025 23:27:22] [INFO] [INFO] Buscando dados para: "Miley Cyrus"
[26/05/2025 23:27:22] [INFO] [INFO] Dados encontrados para: "Miley Cyrus"
[26/05/2025 23:27:22] [INFO] [INFO] Buscando dados para: "Taylor Swift"
[26/05/2025 23:27:23] [INFO] [INFO] Dados encontrados para: "Taylor Swift"
[26/05/2025 23:27:23] [INFO] [INFO] Buscando dados para: "Ariana Grande"
[26/05/2025 23:27:23] [INFO] [INFO] Dados encontrados para: "Ariana Grande"
[26/05/2025 23:27:23] [INFO] [INFO] Buscando dados para: "Katy Perry"
[26/05/2025 23:27:23] [INFO] [INFO] Dados encontrados para: "Katy Perry"
[26/05/2025 23:27:23] [INFO] [INFO] Buscando dados para: "Sabrina Carpenter"
[26/05/2025 23:27:23] [INFO] [INFO] Dados encontrados para: "Sabrina Carpenter"
[26/05/2025 23:27:23] [INFO] [INFO] Buscando dados para: "Thiaguinho"
[26/05/2025 23:27:24] [INFO] [INFO] Dados encontrados para: "Thiaguinho"
[26/05/2025 23:27:24] [INFO] [INFO] Buscando dados para: "Péricles"
[26/05/2025 23:27:24] [INFO] [INFO] Dados encontrados para: "Péricles"
[26/05/2025 23:27:24] [INFO] [INFO] Buscando dados para: "Arlindo Cruz"
[26/05/2025 23:27:25] [INFO] [INFO] Dados encontrados para: "Arlindo Cruz"
[26/05/2025 23:27:25] [INFO] [INFO] Buscando dados para: "Ferrugem"
[26/05/2025 23:27:25] [INFO] [INFO] Dados encontrados para: "Ferrugem"
[26/05/2025 23:27:25] [INFO] [INFO] Buscando dados para: "Grupo Menos é Mais"
[26/05/2025 23:27:26] [INFO] [INFO] Dados encontrados para: "Grupo Menos é Mais"
[26/05/2025 23:27:26] [INFO] [INFO] Buscando dados para: "Sorriso Maroto"
[26/05/2025 23:27:26] [INFO] [INFO] Dados encontrados para: "Sorriso Maroto"
[26/05/2025 23:27:26] [INFO] [INFO] Buscando dados para: "Zeca Pagodinho"
[26/05/2025 23:27:26] [INFO] [INFO] Dados encontrados para: "Zeca Pagodinho"
[26/05/2025 23:27:26] [INFO] [INFO] Buscando dados para: "Pixote"
[26/05/2025 23:27:26] [INFO] [INFO] Dados encontrados para: "Pixote"
[26/05/2025 23:27:26] [INFO] [INFO] Buscando dados para: "Grupo Revelação"
[26/05/2025 23:27:27] [INFO] [INFO] Dados encontrados para: "Grupo Revelação"
[26/05/2025 23:27:27] [INFO] [INFO] Buscando dados para: "Turma do Pagode"
[26/05/2025 23:27:27] [INFO] [INFO] Dados encontrados para: "Turma do Pagode"
[26/05/2025 23:27:27] [INFO] [INFO] Buscando dados para: "Belo"
[26/05/2025 23:27:27] [INFO] [INFO] Dados encontrados para: "Belo"
[26/05/2025 23:27:27] [INFO] [EXCEL] Salvando artistas em planilha Excel com Pandas
[26/05/2025 23:28:11] [INFO] [MAIN] Iniciando processo de coleta de dados na Last.fm...
[26/05/2025 23:28:11] [INFO] [CHECK] Verificando se já houve coleta hoje...
[26/05/2025 23:28:12] [INFO] [CHECK] Arquivo Excel não encontrado no S3. Prosseguindo...
[26/05/2025 23:28:12] [INFO] [INFO] Buscando dados para: "Bruno Mars"
[26/05/2025 23:28:12] [INFO] [INFO] Dados encontrados para: "Bruno Mars"
[26/05/2025 23:28:12] [INFO] [INFO] Buscando dados para: "Ne-Yo"
[26/05/2025 23:28:12] [INFO] [INFO] Dados encontrados para: "Ne-Yo"
[26/05/2025 23:28:12] [INFO] [INFO] Buscando dados para: "Sean Kingston"
[26/05/2025 23:28:12] [INFO] [INFO] Dados encontrados para: "Sean Kingston"
[26/05/2025 23:28:12] [INFO] [INFO] Buscando dados para: "Justin Timberlake"
[26/05/2025 23:28:12] [INFO] [INFO] Dados encontrados para: "Justin Timberlake"
[26/05/2025 23:28:12] [INFO] [INFO] Buscando dados para: "Justin Bieber"
[26/05/2025 23:28:12] [INFO] [INFO] Dados encontrados para: "Justin Bieber"
[26/05/2025 23:28:12] [INFO] [INFO] Buscando dados para: "Usher"
[26/05/2025 23:28:13] [INFO] [INFO] Dados encontrados para: "Usher"
[26/05/2025 23:28:13] [INFO] [INFO] Buscando dados para: "Maroon 5"
[26/05/2025 23:28:13] [INFO] [INFO] Dados encontrados para: "Maroon 5"
[26/05/2025 23:28:13] [INFO] [INFO] Buscando dados para: "Taio Cruz"
[26/05/2025 23:28:13] [INFO] [INFO] Dados encontrados para: "Taio Cruz"
[26/05/2025 23:28:13] [INFO] [INFO] Buscando dados para: "The Weeknd"
[26/05/2025 23:28:13] [INFO] [INFO] Dados encontrados para: "The Weeknd"
[26/05/2025 23:28:13] [INFO] [INFO] Buscando dados para: "Akon"
[26/05/2025 23:28:13] [INFO] [INFO] Dados encontrados para: "Akon"
[26/05/2025 23:28:13] [INFO] [INFO] Buscando dados para: "Zayn"
[26/05/2025 23:28:14] [INFO] [INFO] Dados encontrados para: "Zayn"
[26/05/2025 23:28:14] [INFO] [INFO] Buscando dados para: "Lady Gaga"
[26/05/2025 23:28:14] [INFO] [INFO] Dados encontrados para: "Lady Gaga"
[26/05/2025 23:28:14] [INFO] [INFO] Buscando dados para: "Beyoncé"
[26/05/2025 23:28:14] [INFO] [INFO] Dados encontrados para: "Beyoncé"
[26/05/2025 23:28:14] [INFO] [INFO] Buscando dados para: "Dua Lipa"
[26/05/2025 23:28:14] [INFO] [INFO] Dados encontrados para: "Dua Lipa"
[26/05/2025 23:28:14] [INFO] [INFO] Buscando dados para: "Madonna"
[26/05/2025 23:28:14] [INFO] [INFO] Dados encontrados para: "Madonna"
[26/05/2025 23:28:14] [INFO] [INFO] Buscando dados para: "Britney Spears"
[26/05/2025 23:28:14] [INFO] [INFO] Dados encontrados para: "Britney Spears"
[26/05/2025 23:28:14] [INFO] [INFO] Buscando dados para: "Kylie Minogue"
[26/05/2025 23:28:15] [INFO] [INFO] Dados encontrados para: "Kylie Minogue"
[26/05/2025 23:28:15] [INFO] [INFO] Buscando dados para: "Miley Cyrus"
[26/05/2025 23:28:15] [INFO] [INFO] Dados encontrados para: "Miley Cyrus"
[26/05/2025 23:28:15] [INFO] [INFO] Buscando dados para: "Taylor Swift"
[26/05/2025 23:28:15] [INFO] [INFO] Dados encontrados para: "Taylor Swift"
[26/05/2025 23:28:15] [INFO] [INFO] Buscando dados para: "Ariana Grande"
[26/05/2025 23:28:15] [INFO] [INFO] Dados encontrados para: "Ariana Grande"
[26/05/2025 23:28:15] [INFO] [INFO] Buscando dados para: "Katy Perry"
[26/05/2025 23:28:15] [INFO] [INFO] Dados encontrados para: "Katy Perry"
[26/05/2025 23:28:15] [INFO] [INFO] Buscando dados para: "Sabrina Carpenter"
[26/05/2025 23:28:16] [INFO] [INFO] Dados encontrados para: "Sabrina Carpenter"
[26/05/2025 23:28:16] [INFO] [INFO] Buscando dados para: "Thiaguinho"
[26/05/2025 23:28:16] [INFO] [INFO] Dados encontrados para: "Thiaguinho"
[26/05/2025 23:28:16] [INFO] [INFO] Buscando dados para: "Péricles"
[26/05/2025 23:28:16] [INFO] [INFO] Dados encontrados para: "Péricles"
[26/05/2025 23:28:16] [INFO] [INFO] Buscando dados para: "Arlindo Cruz"
[26/05/2025 23:28:16] [INFO] [INFO] Dados encontrados para: "Arlindo Cruz"
[26/05/2025 23:28:16] [INFO] [INFO] Buscando dados para: "Ferrugem"
[26/05/2025 23:28:16] [INFO] [INFO] Dados encontrados para: "Ferrugem"
[26/05/2025 23:28:16] [INFO] [INFO] Buscando dados para: "Grupo Menos é Mais"
[26/05/2025 23:28:17] [INFO] [INFO] Dados encontrados para: "Grupo Menos é Mais"
[26/05/2025 23:28:17] [INFO] [INFO] Buscando dados para: "Sorriso Maroto"
[26/05/2025 23:28:17] [INFO] [INFO] Dados encontrados para: "Sorriso Maroto"
[26/05/2025 23:28:17] [INFO] [INFO] Buscando dados para: "Zeca Pagodinho"
[26/05/2025 23:28:17] [INFO] [INFO] Dados encontrados para: "Zeca Pagodinho"
[26/05/2025 23:28:17] [INFO] [INFO] Buscando dados para: "Pixote"
[26/05/2025 23:28:18] [INFO] [INFO] Dados encontrados para: "Pixote"
[26/05/2025 23:28:18] [INFO] [INFO] Buscando dados para: "Grupo Revelação"
[26/05/2025 23:28:18] [INFO] [INFO] Dados encontrados para: "Grupo Revelação"
[26/05/2025 23:28:18] [INFO] [INFO] Buscando dados para: "Turma do Pagode"
[26/05/2025 23:28:18] [INFO] [INFO] Dados encontrados para: "Turma do Pagode"
[26/05/2025 23:28:18] [INFO] [INFO] Buscando dados para: "Belo"
[26/05/2025 23:28:18] [INFO] [INFO] Dados encontrados para: "Belo"
[26/05/2025 23:28:18] [INFO] [EXCEL] Salvando artistas em planilha Excel com Pandas
[26/05/2025 23:28:19] [INFO] [EXCEL] Arquivo Excel não encontrado no S3. Criando novo arquivo.
[26/05/2025 23:28:19] [INFO] [EXCEL] Salvamento concluído. Total de registros: 33
[26/05/2025 23:28:19] [INFO] [MAIN] Processo finalizado com sucesso!
[26/05/2025 23:29:00] [INFO] [MAIN] Iniciando processo de coleta de dados na Last.fm...
[26/05/2025 23:29:00] [INFO] [CHECK] Verificando se já houve coleta hoje...
[26/05/2025 23:29:01] [WARNING] [CHECK] Já existe coleta para hoje (26/05/2025). Encerrando o processo.
[26/05/2025 23:33:50] [INFO] [MAIN] Iniciando processo de coleta de dados na Last.fm...
[26/05/2025 23:33:50] [INFO] [CHECK] Verificando se já houve coleta hoje...
[26/05/2025 23:33:51] [INFO] [CHECK] Arquivo Excel não encontrado no S3. Prosseguindo...
[26/05/2025 23:33:51] [INFO] [INFO] Buscando dados para: "Bruno Mars"
[26/05/2025 23:33:51] [INFO] [INFO] Dados encontrados para: "Bruno Mars"
[26/05/2025 23:33:51] [INFO] [INFO] Buscando dados para: "Ne-Yo"
[26/05/2025 23:33:51] [INFO] [INFO] Dados encontrados para: "Ne-Yo"
[26/05/2025 23:33:51] [INFO] [INFO] Buscando dados para: "Sean Kingston"
[26/05/2025 23:33:51] [INFO] [INFO] Dados encontrados para: "Sean Kingston"
[26/05/2025 23:33:51] [INFO] [INFO] Buscando dados para: "Justin Timberlake"
[26/05/2025 23:33:51] [INFO] [INFO] Dados encontrados para: "Justin Timberlake"
[26/05/2025 23:33:51] [INFO] [INFO] Buscando dados para: "Justin Bieber"
[26/05/2025 23:33:52] [INFO] [INFO] Dados encontrados para: "Justin Bieber"
[26/05/2025 23:33:52] [INFO] [INFO] Buscando dados para: "Usher"
[26/05/2025 23:33:52] [INFO] [INFO] Dados encontrados para: "Usher"
[26/05/2025 23:33:52] [INFO] [INFO] Buscando dados para: "Maroon 5"
[26/05/2025 23:33:52] [INFO] [INFO] Dados encontrados para: "Maroon 5"
[26/05/2025 23:33:52] [INFO] [INFO] Buscando dados para: "Taio Cruz"
[26/05/2025 23:33:52] [INFO] [INFO] Dados encontrados para: "Taio Cruz"
[26/05/2025 23:33:52] [INFO] [INFO] Buscando dados para: "The Weeknd"
[26/05/2025 23:33:52] [INFO] [INFO] Dados encontrados para: "The Weeknd"
[26/05/2025 23:33:52] [INFO] [INFO] Buscando dados para: "Akon"
[26/05/2025 23:33:52] [INFO] [INFO] Dados encontrados para: "Akon"
[26/05/2025 23:33:52] [INFO] [INFO] Buscando dados para: "Zayn"
[26/05/2025 23:33:53] [INFO] [INFO] Dados encontrados para: "Zayn"
[26/05/2025 23:33:53] [INFO] [INFO] Buscando dados para: "Lady Gaga"
[26/05/2025 23:33:53] [INFO] [INFO] Dados encontrados para: "Lady Gaga"
[26/05/2025 23:33:53] [INFO] [INFO] Buscando dados para: "Beyoncé"
[26/05/2025 23:33:53] [INFO] [INFO] Dados encontrados para: "Beyoncé"
[26/05/2025 23:33:53] [INFO] [INFO] Buscando dados para: "Dua Lipa"
[26/05/2025 23:33:53] [INFO] [INFO] Dados encontrados para: "Dua Lipa"
[26/05/2025 23:33:53] [INFO] [INFO] Buscando dados para: "Madonna"
[26/05/2025 23:33:53] [INFO] [INFO] Dados encontrados para: "Madonna"
[26/05/2025 23:33:53] [INFO] [INFO] Buscando dados para: "Britney Spears"
[26/05/2025 23:33:53] [INFO] [INFO] Dados encontrados para: "Britney Spears"
[26/05/2025 23:33:53] [INFO] [INFO] Buscando dados para: "Kylie Minogue"
[26/05/2025 23:33:54] [INFO] [INFO] Dados encontrados para: "Kylie Minogue"
[26/05/2025 23:33:54] [INFO] [INFO] Buscando dados para: "Miley Cyrus"
[26/05/2025 23:33:54] [INFO] [INFO] Dados encontrados para: "Miley Cyrus"
[26/05/2025 23:33:54] [INFO] [INFO] Buscando dados para: "Taylor Swift"
[26/05/2025 23:33:54] [INFO] [INFO] Dados encontrados para: "Taylor Swift"
[26/05/2025 23:33:54] [INFO] [INFO] Buscando dados para: "Ariana Grande"
[26/05/2025 23:33:54] [INFO] [INFO] Dados encontrados para: "Ariana Grande"
[26/05/2025 23:33:54] [INFO] [INFO] Buscando dados para: "Katy Perry"
[26/05/2025 23:33:54] [INFO] [INFO] Dados encontrados para: "Katy Perry"
[26/05/2025 23:33:54] [INFO] [INFO] Buscando dados para: "Sabrina Carpenter"
[26/05/2025 23:33:55] [INFO] [INFO] Dados encontrados para: "Sabrina Carpenter"
[26/05/2025 23:33:55] [INFO] [INFO] Buscando dados para: "Thiaguinho"
[26/05/2025 23:33:55] [INFO] [INFO] Dados encontrados para: "Thiaguinho"
[26/05/2025 23:33:55] [INFO] [INFO] Buscando dados para: "Péricles"
[26/05/2025 23:33:55] [INFO] [INFO] Dados encontrados para: "Péricles"
[26/05/2025 23:33:55] [INFO] [INFO] Buscando dados para: "Arlindo Cruz"
[26/05/2025 23:33:55] [INFO] [INFO] Dados encontrados para: "Arlindo Cruz"
[26/05/2025 23:33:55] [INFO] [INFO] Buscando dados para: "Ferrugem"
[26/05/2025 23:33:55] [INFO] [INFO] Dados encontrados para: "Ferrugem"
[26/05/2025 23:33:55] [INFO] [INFO] Buscando dados para: "Grupo Menos é Mais"
[26/05/2025 23:33:55] [INFO] [INFO] Dados encontrados para: "Grupo Menos é Mais"
[26/05/2025 23:33:55] [INFO] [INFO] Buscando dados para: "Sorriso Maroto"
[26/05/2025 23:33:56] [INFO] [INFO] Dados encontrados para: "Sorriso Maroto"
[26/05/2025 23:33:56] [INFO] [INFO] Buscando dados para: "Zeca Pagodinho"
[26/05/2025 23:33:56] [INFO] [INFO] Dados encontrados para: "Zeca Pagodinho"
[26/05/2025 23:33:56] [INFO] [INFO] Buscando dados para: "Pixote"
[26/05/2025 23:33:56] [INFO] [INFO] Dados encontrados para: "Pixote"
[26/05/2025 23:33:56] [INFO] [INFO] Buscando dados para: "Grupo Revelação"
[26/05/2025 23:33:56] [INFO] [INFO] Dados encontrados para: "Grupo Revelação"
[26/05/2025 23:33:56] [INFO] [INFO] Buscando dados para: "Turma do Pagode"
[26/05/2025 23:33:56] [INFO] [INFO] Dados encontrados para: "Turma do Pagode"
[26/05/2025 23:33:56] [INFO] [INFO] Buscando dados para: "Belo"
[26/05/2025 23:33:57] [INFO] [INFO] Dados encontrados para: "Belo"
[26/05/2025 23:33:57] [INFO] [EXCEL] Salvando artistas em planilha Excel com Pandas
[26/05/2025 23:33:57] [INFO] [EXCEL] Arquivo Excel não encontrado no S3. Criando novo arquivo.
[26/05/2025 23:33:58] [INFO] [EXCEL] Salvamento concluído. Total de registros: 33
[26/05/2025 23:33:58] [INFO] [MAIN] Processo finalizado com sucesso!
[26/05/2025 23:37:04] [INFO] [MAIN] Iniciando processo de coleta de dados na Last.fm...
[26/05/2025 23:37:04] [INFO] [CHECK] Verificando se já houve coleta hoje...
[26/05/2025 23:37:05] [INFO] [CHECK] Arquivo Excel não encontrado no S3. Prosseguindo...
[26/05/2025 23:37:05] [INFO] [INFO] Buscando dados para: "Bruno Mars"
[26/05/2025 23:37:05] [INFO] [INFO] Dados encontrados para: "Bruno Mars"
[26/05/2025 23:37:05] [INFO] [INFO] Buscando dados para: "Ne-Yo"
[26/05/2025 23:37:05] [INFO] [INFO] Dados encontrados para: "Ne-Yo"
[26/05/2025 23:37:05] [INFO] [INFO] Buscando dados para: "Sean Kingston"
[26/05/2025 23:37:05] [INFO] [INFO] Dados encontrados para: "Sean Kingston"
[26/05/2025 23:37:05] [INFO] [INFO] Buscando dados para: "Justin Timberlake"
[26/05/2025 23:37:05] [INFO] [INFO] Dados encontrados para: "Justin Timberlake"
[26/05/2025 23:37:05] [INFO] [INFO] Buscando dados para: "Justin Bieber"
[26/05/2025 23:37:05] [INFO] [INFO] Dados encontrados para: "Justin Bieber"
[26/05/2025 23:37:05] [INFO] [INFO] Buscando dados para: "Usher"
[26/05/2025 23:37:06] [INFO] [INFO] Dados encontrados para: "Usher"
[26/05/2025 23:37:06] [INFO] [INFO] Buscando dados para: "Maroon 5"
[26/05/2025 23:37:06] [INFO] [INFO] Dados encontrados para: "Maroon 5"
[26/05/2025 23:37:06] [INFO] [INFO] Buscando dados para: "Taio Cruz"
[26/05/2025 23:37:06] [INFO] [INFO] Dados encontrados para: "Taio Cruz"
[26/05/2025 23:37:06] [INFO] [INFO] Buscando dados para: "The Weeknd"
[26/05/2025 23:37:06] [INFO] [INFO] Dados encontrados para: "The Weeknd"
[26/05/2025 23:37:06] [INFO] [INFO] Buscando dados para: "Akon"
[26/05/2025 23:37:06] [INFO] [INFO] Dados encontrados para: "Akon"
[26/05/2025 23:37:06] [INFO] [INFO] Buscando dados para: "Zayn"
[26/05/2025 23:37:06] [INFO] [INFO] Dados encontrados para: "Zayn"
[26/05/2025 23:37:06] [INFO] [INFO] Buscando dados para: "Lady Gaga"
[26/05/2025 23:37:07] [INFO] [INFO] Dados encontrados para: "Lady Gaga"
[26/05/2025 23:37:07] [INFO] [INFO] Buscando dados para: "Beyoncé"
[26/05/2025 23:37:07] [INFO] [INFO] Dados encontrados para: "Beyoncé"
[26/05/2025 23:37:07] [INFO] [INFO] Buscando dados para: "Dua Lipa"
[26/05/2025 23:37:07] [INFO] [INFO] Dados encontrados para: "Dua Lipa"
[26/05/2025 23:37:07] [INFO] [INFO] Buscando dados para: "Madonna"
[26/05/2025 23:37:07] [INFO] [INFO] Dados encontrados para: "Madonna"
[26/05/2025 23:37:07] [INFO] [INFO] Buscando dados para: "Britney Spears"
[26/05/2025 23:37:07] [INFO] [INFO] Dados encontrados para: "Britney Spears"
[26/05/2025 23:37:07] [INFO] [INFO] Buscando dados para: "Kylie Minogue"
[26/05/2025 23:37:07] [INFO] [INFO] Dados encontrados para: "Kylie Minogue"
[26/05/2025 23:37:07] [INFO] [INFO] Buscando dados para: "Miley Cyrus"
[26/05/2025 23:37:08] [INFO] [INFO] Dados encontrados para: "Miley Cyrus"
[26/05/2025 23:37:08] [INFO] [INFO] Buscando dados para: "Taylor Swift"
[26/05/2025 23:37:08] [INFO] [INFO] Dados encontrados para: "Taylor Swift"
[26/05/2025 23:37:08] [INFO] [INFO] Buscando dados para: "Ariana Grande"
[26/05/2025 23:37:08] [INFO] [INFO] Dados encontrados para: "Ariana Grande"
[26/05/2025 23:37:08] [INFO] [INFO] Buscando dados para: "Katy Perry"
[26/05/2025 23:37:08] [INFO] [INFO] Dados encontrados para: "Katy Perry"
[26/05/2025 23:37:08] [INFO] [INFO] Buscando dados para: "Sabrina Carpenter"
[26/05/2025 23:37:08] [INFO] [INFO] Dados encontrados para: "Sabrina Carpenter"
[26/05/2025 23:37:08] [INFO] [INFO] Buscando dados para: "Thiaguinho"
[26/05/2025 23:37:09] [INFO] [INFO] Dados encontrados para: "Thiaguinho"
[26/05/2025 23:37:09] [INFO] [INFO] Buscando dados para: "Péricles"
[26/05/2025 23:37:09] [INFO] [INFO] Dados encontrados para: "Péricles"
[26/05/2025 23:37:09] [INFO] [INFO] Buscando dados para: "Arlindo Cruz"
[26/05/2025 23:37:09] [INFO] [INFO] Dados encontrados para: "Arlindo Cruz"
[26/05/2025 23:37:09] [INFO] [INFO] Buscando dados para: "Ferrugem"
[26/05/2025 23:37:09] [INFO] [INFO] Dados encontrados para: "Ferrugem"
[26/05/2025 23:37:09] [INFO] [INFO] Buscando dados para: "Grupo Menos é Mais"
[26/05/2025 23:37:09] [INFO] [INFO] Dados encontrados para: "Grupo Menos é Mais"
[26/05/2025 23:37:09] [INFO] [INFO] Buscando dados para: "Sorriso Maroto"
[26/05/2025 23:37:10] [INFO] [INFO] Dados encontrados para: "Sorriso Maroto"
[26/05/2025 23:37:10] [INFO] [INFO] Buscando dados para: "Zeca Pagodinho"
[26/05/2025 23:37:10] [INFO] [INFO] Dados encontrados para: "Zeca Pagodinho"
[26/05/2025 23:37:10] [INFO] [INFO] Buscando dados para: "Pixote"
[26/05/2025 23:37:10] [INFO] [INFO] Dados encontrados para: "Pixote"
[26/05/2025 23:37:10] [INFO] [INFO] Buscando dados para: "Grupo Revelação"
[26/05/2025 23:37:10] [INFO] [INFO] Dados encontrados para: "Grupo Revelação"
[26/05/2025 23:37:10] [INFO] [INFO] Buscando dados para: "Turma do Pagode"
[26/05/2025 23:37:10] [INFO] [INFO] Dados encontrados para: "Turma do Pagode"
[26/05/2025 23:37:10] [INFO] [INFO] Buscando dados para: "Belo"
[26/05/2025 23:37:11] [INFO] [INFO] Dados encontrados para: "Belo"
[26/05/2025 23:37:11] [INFO] [EXCEL] Salvando artistas em planilha Excel com Pandas
[26/05/2025 23:37:11] [INFO] [EXCEL] Arquivo Excel não encontrado no S3. Criando novo arquivo.
[26/05/2025 23:37:12] [INFO] [EXCEL] Salvamento concluído. Total de registros: 33
[26/05/2025 23:37:12] [INFO] [MAIN] Processo finalizado com sucesso!
[27/05/2025 20:19:19] [INFO] [MAIN] Iniciando processo de coleta de dados na Last.fm...
[27/05/2025 20:19:19] [INFO] [CHECK] Verificando se já houve coleta hoje...
[27/05/2025 20:19:20] [INFO] [CHECK] Nenhum dado coletado hoje. Prosseguindo...
[27/05/2025 20:19:20] [INFO] [INFO] Buscando dados para: "Bruno Mars"
[27/05/2025 20:19:21] [INFO] [INFO] Dados encontrados para: "Bruno Mars"
[27/05/2025 20:19:21] [INFO] [INFO] Buscando dados para: "Ne-Yo"
[27/05/2025 20:19:21] [INFO] [INFO] Dados encontrados para: "Ne-Yo"
[27/05/2025 20:19:21] [INFO] [INFO] Buscando dados para: "Sean Kingston"
[27/05/2025 20:19:21] [INFO] [INFO] Dados encontrados para: "Sean Kingston"
[27/05/2025 20:19:21] [INFO] [INFO] Buscando dados para: "Justin Timberlake"
[27/05/2025 20:19:21] [INFO] [INFO] Dados encontrados para: "Justin Timberlake"
[27/05/2025 20:19:21] [INFO] [INFO] Buscando dados para: "Justin Bieber"
[27/05/2025 20:19:22] [INFO] [INFO] Dados encontrados para: "Justin Bieber"
[27/05/2025 20:19:22] [INFO] [INFO] Buscando dados para: "Usher"
[27/05/2025 20:19:22] [INFO] [INFO] Dados encontrados para: "Usher"
[27/05/2025 20:19:22] [INFO] [INFO] Buscando dados para: "Maroon 5"
[27/05/2025 20:19:22] [INFO] [INFO] Dados encontrados para: "Maroon 5"
[27/05/2025 20:19:22] [INFO] [INFO] Buscando dados para: "Taio Cruz"
[27/05/2025 20:19:22] [INFO] [INFO] Dados encontrados para: "Taio Cruz"
[27/05/2025 20:19:22] [INFO] [INFO] Buscando dados para: "The Weeknd"
[27/05/2025 20:19:23] [INFO] [INFO] Dados encontrados para: "The Weeknd"
[27/05/2025 20:19:23] [INFO] [INFO] Buscando dados para: "Akon"
[27/05/2025 20:19:23] [INFO] [INFO] Dados encontrados para: "Akon"
[27/05/2025 20:19:23] [INFO] [INFO] Buscando dados para: "Zayn"
[27/05/2025 20:19:23] [INFO] [INFO] Dados encontrados para: "Zayn"
[27/05/2025 20:19:23] [INFO] [INFO] Buscando dados para: "Lady Gaga"
[27/05/2025 20:19:23] [INFO] [INFO] Dados encontrados para: "Lady Gaga"
[27/05/2025 20:19:23] [INFO] [INFO] Buscando dados para: "Beyoncé"
[27/05/2025 20:19:24] [INFO] [INFO] Dados encontrados para: "Beyoncé"
[27/05/2025 20:19:24] [INFO] [INFO] Buscando dados para: "Dua Lipa"
[27/05/2025 20:19:24] [INFO] [INFO] Dados encontrados para: "Dua Lipa"
[27/05/2025 20:19:24] [INFO] [INFO] Buscando dados para: "Madonna"
[27/05/2025 20:19:24] [INFO] [INFO] Dados encontrados para: "Madonna"
[27/05/2025 20:19:24] [INFO] [INFO] Buscando dados para: "Britney Spears"
[27/05/2025 20:19:25] [INFO] [INFO] Dados encontrados para: "Britney Spears"
[27/05/2025 20:19:25] [INFO] [INFO] Buscando dados para: "Kylie Minogue"
[27/05/2025 20:19:25] [INFO] [INFO] Dados encontrados para: "Kylie Minogue"
[27/05/2025 20:19:25] [INFO] [INFO] Buscando dados para: "Miley Cyrus"
[27/05/2025 20:19:25] [INFO] [INFO] Dados encontrados para: "Miley Cyrus"
[27/05/2025 20:19:25] [INFO] [INFO] Buscando dados para: "Taylor Swift"
[27/05/2025 20:19:25] [INFO] [INFO] Dados encontrados para: "Taylor Swift"
[27/05/2025 20:19:25] [INFO] [INFO] Buscando dados para: "Ariana Grande"
[27/05/2025 20:19:26] [INFO] [INFO] Dados encontrados para: "Ariana Grande"
[27/05/2025 20:19:26] [INFO] [INFO] Buscando dados para: "Katy Perry"
[27/05/2025 20:19:26] [INFO] [INFO] Dados encontrados para: "Katy Perry"
[27/05/2025 20:19:26] [INFO] [INFO] Buscando dados para: "Sabrina Carpenter"
[27/05/2025 20:19:26] [INFO] [INFO] Dados encontrados para: "Sabrina Carpenter"
[27/05/2025 20:19:26] [INFO] [INFO] Buscando dados para: "Thiaguinho"
[27/05/2025 20:19:27] [INFO] [INFO] Dados encontrados para: "Thiaguinho"
[27/05/2025 20:19:27] [INFO] [INFO] Buscando dados para: "Péricles"
[27/05/2025 20:19:27] [INFO] [INFO] Dados encontrados para: "Péricles"
[27/05/2025 20:19:27] [INFO] [INFO] Buscando dados para: "Arlindo Cruz"
[27/05/2025 20:19:27] [INFO] [INFO] Dados encontrados para: "Arlindo Cruz"
[27/05/2025 20:19:27] [INFO] [INFO] Buscando dados para: "Ferrugem"
[27/05/2025 20:19:28] [INFO] [INFO] Dados encontrados para: "Ferrugem"
[27/05/2025 20:19:28] [INFO] [INFO] Buscando dados para: "Grupo Menos é Mais"
[27/05/2025 20:19:28] [INFO] [INFO] Dados encontrados para: "Grupo Menos é Mais"
[27/05/2025 20:19:28] [INFO] [INFO] Buscando dados para: "Sorriso Maroto"
[27/05/2025 20:19:28] [INFO] [INFO] Dados encontrados para: "Sorriso Maroto"
[27/05/2025 20:19:28] [INFO] [INFO] Buscando dados para: "Zeca Pagodinho"
[27/05/2025 20:19:28] [INFO] [INFO] Dados encontrados para: "Zeca Pagodinho"
[27/05/2025 20:19:28] [INFO] [INFO] Buscando dados para: "Pixote"
[27/05/2025 20:19:29] [INFO] [INFO] Dados encontrados para: "Pixote"
[27/05/2025 20:19:29] [INFO] [INFO] Buscando dados para: "Grupo Revelação"
[27/05/2025 20:19:29] [INFO] [INFO] Dados encontrados para: "Grupo Revelação"
[27/05/2025 20:19:29] [INFO] [INFO] Buscando dados para: "Turma do Pagode"
[27/05/2025 20:19:30] [INFO] [INFO] Dados encontrados para: "Turma do Pagode"
[27/05/2025 20:19:30] [INFO] [INFO] Buscando dados para: "Belo"
[27/05/2025 20:19:30] [INFO] [INFO] Dados encontrados para: "Belo"
[27/05/2025 20:19:30] [INFO] [EXCEL] Salvando artistas em planilha Excel com Pandas
[27/05/2025 20:19:31] [INFO] [EXCEL] Arquivo Excel encontrado no S3. Carregando dados existentes (33 registros).
[27/05/2025 20:19:31] [INFO] [EXCEL] Salvamento concluído. Total de registros: 66
[27/05/2025 20:19:31] [INFO] [MAIN] Processo finalizado com sucesso!
[28/05/2025 20:15:46] [INFO] [MAIN] Iniciando processo de coleta de dados na Last.fm...
[28/05/2025 20:15:46] [INFO] [CHECK] Verificando se já houve coleta hoje...
[28/05/2025 20:15:47] [INFO] [CHECK] Arquivo Excel não encontrado no S3. Prosseguindo...
[28/05/2025 20:15:47] [INFO] [INFO] Buscando dados para: "Bruno Mars"
[28/05/2025 20:15:48] [INFO] [INFO] Dados encontrados para: "Bruno Mars"
[28/05/2025 20:15:48] [INFO] [INFO] Buscando dados para: "Lady Gaga"
[28/05/2025 20:15:48] [INFO] [INFO] Dados encontrados para: "Lady Gaga"
[28/05/2025 20:15:48] [INFO] [INFO] Buscando dados para: "Thiaguinho"
[28/05/2025 20:15:49] [INFO] [INFO] Dados encontrados para: "Thiaguinho"
[28/05/2025 20:15:49] [INFO] [INFO] Buscando dados para: "Bruno Mars"
[28/05/2025 20:15:51] [INFO] [INFO] Dados encontrados para: "Bruno Mars"
[28/05/2025 20:15:51] [INFO] [INFO] Buscando dados para: "Ne-Yo"
[28/05/2025 20:15:51] [INFO] [INFO] Dados encontrados para: "Ne-Yo"
[28/05/2025 20:15:51] [INFO] [INFO] Buscando dados para: "Sean Kingston"
[28/05/2025 20:15:52] [INFO] [INFO] Dados encontrados para: "Sean Kingston"
[28/05/2025 20:15:52] [INFO] [INFO] Buscando dados para: "Justin Timberlake"
[28/05/2025 20:15:52] [INFO] [INFO] Dados encontrados para: "Justin Timberlake"
[28/05/2025 20:15:52] [INFO] [INFO] Buscando dados para: "Justin Bieber"
[28/05/2025 20:15:53] [INFO] [INFO] Dados encontrados para: "Justin Bieber"
[28/05/2025 20:15:53] [INFO] [INFO] Buscando dados para: "Usher"
[28/05/2025 20:15:53] [INFO] [INFO] Dados encontrados para: "Usher"
[28/05/2025 20:15:53] [INFO] [INFO] Buscando dados para: "Maroon 5"
[28/05/2025 20:15:54] [INFO] [INFO] Dados encontrados para: "Maroon 5"
[28/05/2025 20:15:54] [INFO] [INFO] Buscando dados para: "Taio Cruz"
[28/05/2025 20:15:55] [INFO] [INFO] Dados encontrados para: "Taio Cruz"
[28/05/2025 20:15:55] [INFO] [INFO] Buscando dados para: "The Weeknd"
[28/05/2025 20:15:56] [INFO] [INFO] Dados encontrados para: "The Weeknd"
[28/05/2025 20:15:56] [INFO] [INFO] Buscando dados para: "Akon"
[28/05/2025 20:15:56] [INFO] [INFO] Dados encontrados para: "Akon"
[28/05/2025 20:15:56] [INFO] [INFO] Buscando dados para: "Zayn"
[28/05/2025 20:15:57] [INFO] [INFO] Dados encontrados para: "Zayn"
[28/05/2025 20:15:57] [INFO] [INFO] Buscando dados para: "Lady Gaga"
[28/05/2025 20:15:57] [INFO] [INFO] Dados encontrados para: "Lady Gaga"
[28/05/2025 20:15:57] [INFO] [INFO] Buscando dados para: "Beyoncé"
[28/05/2025 20:15:58] [INFO] [INFO] Dados encontrados para: "Beyoncé"
[28/05/2025 20:15:58] [INFO] [INFO] Buscando dados para: "Dua Lipa"
[28/05/2025 20:15:58] [INFO] [INFO] Dados encontrados para: "Dua Lipa"
[28/05/2025 20:15:58] [INFO] [INFO] Buscando dados para: "Madonna"
[28/05/2025 20:15:59] [INFO] [INFO] Dados encontrados para: "Madonna"
[28/05/2025 20:15:59] [INFO] [INFO] Buscando dados para: "Britney Spears"
[28/05/2025 20:15:59] [INFO] [INFO] Dados encontrados para: "Britney Spears"
[28/05/2025 20:15:59] [INFO] [INFO] Buscando dados para: "Kylie Minogue"
[28/05/2025 20:15:59] [INFO] [INFO] Dados encontrados para: "Kylie Minogue"
[28/05/2025 20:15:59] [INFO] [INFO] Buscando dados para: "Miley Cyrus"
[28/05/2025 20:16:01] [INFO] [INFO] Dados encontrados para: "Miley Cyrus"
[28/05/2025 20:16:01] [INFO] [INFO] Buscando dados para: "Taylor Swift"
[28/05/2025 20:16:01] [INFO] [INFO] Dados encontrados para: "Taylor Swift"
[28/05/2025 20:16:01] [INFO] [INFO] Buscando dados para: "Ariana Grande"
[28/05/2025 20:16:02] [INFO] [INFO] Dados encontrados para: "Ariana Grande"
[28/05/2025 20:16:02] [INFO] [INFO] Buscando dados para: "Katy Perry"
[28/05/2025 20:16:02] [INFO] [INFO] Dados encontrados para: "Katy Perry"
[28/05/2025 20:16:02] [INFO] [INFO] Buscando dados para: "Sabrina Carpenter"
[28/05/2025 20:16:02] [INFO] [INFO] Dados encontrados para: "Sabrina Carpenter"
[28/05/2025 20:16:02] [INFO] [INFO] Buscando dados para: "Thiaguinho"
[28/05/2025 20:16:03] [INFO] [INFO] Dados encontrados para: "Thiaguinho"
[28/05/2025 20:16:03] [INFO] [INFO] Buscando dados para: "Péricles"
[28/05/2025 20:16:03] [INFO] [INFO] Dados encontrados para: "Péricles"
[28/05/2025 20:16:03] [INFO] [INFO] Buscando dados para: "Arlindo Cruz"
[28/05/2025 20:16:03] [INFO] [INFO] Dados encontrados para: "Arlindo Cruz"
[28/05/2025 20:16:03] [INFO] [INFO] Buscando dados para: "Ferrugem"
[28/05/2025 20:16:04] [INFO] [INFO] Dados encontrados para: "Ferrugem"
[28/05/2025 20:16:04] [INFO] [INFO] Buscando dados para: "Grupo Menos é Mais"
[28/05/2025 20:16:04] [INFO] [INFO] Dados encontrados para: "Grupo Menos é Mais"
[28/05/2025 20:16:04] [INFO] [INFO] Buscando dados para: "Sorriso Maroto"
[28/05/2025 20:16:05] [INFO] [INFO] Dados encontrados para: "Sorriso Maroto"
[28/05/2025 20:16:05] [INFO] [INFO] Buscando dados para: "Zeca Pagodinho"
[28/05/2025 20:16:05] [INFO] [INFO] Dados encontrados para: "Zeca Pagodinho"
[28/05/2025 20:16:05] [INFO] [INFO] Buscando dados para: "Pixote"
[28/05/2025 20:16:06] [INFO] [INFO] Dados encontrados para: "Pixote"
[28/05/2025 20:16:06] [INFO] [INFO] Buscando dados para: "Grupo Revelação"
[28/05/2025 20:16:06] [INFO] [INFO] Dados encontrados para: "Grupo Revelação"
[28/05/2025 20:16:06] [INFO] [INFO] Buscando dados para: "Turma do Pagode"
[28/05/2025 20:16:07] [INFO] [INFO] Dados encontrados para: "Turma do Pagode"
[28/05/2025 20:16:07] [INFO] [INFO] Buscando dados para: "Belo"
[28/05/2025 20:16:07] [INFO] [INFO] Dados encontrados para: "Belo"
[28/05/2025 20:16:07] [INFO] [EXCEL] Salvando artistas em planilha Excel com Pandas
[28/05/2025 20:16:08] [INFO] [EXCEL] Arquivo Excel não encontrado no S3. Criando novo arquivo.
[28/05/2025 20:16:09] [INFO] [EXCEL] Salvamento concluído. Total de registros: 33
[28/05/2025 20:16:09] [INFO] [MAIN] Processo finalizado com sucesso!
[28/05/2025 20:26:43] [INFO] [MAIN] Iniciando processo de coleta de dados na Last.fm...
[28/05/2025 20:26:43] [INFO] [CHECK] Verificando se já houve coleta hoje...
[28/05/2025 20:26:44] [INFO] [CHECK] Nenhum dado coletado hoje. Prosseguindo...
[28/05/2025 20:26:44] [INFO] [INFO] Buscando dados para: "Bruno Mars"
[28/05/2025 20:26:45] [INFO] [INFO] Dados encontrados para: "Bruno Mars"
[28/05/2025 20:26:45] [INFO] [INFO] Buscando dados para: "Lady Gaga"
[28/05/2025 20:26:45] [INFO] [INFO] Dados encontrados para: "Lady Gaga"
[28/05/2025 20:26:45] [INFO] [INFO] Buscando dados para: "Thiaguinho"
[28/05/2025 20:26:45] [INFO] [INFO] Dados encontrados para: "Thiaguinho"
[28/05/2025 20:26:45] [INFO] [INFO] Buscando dados para: "Bruno Mars"
[28/05/2025 20:26:45] [INFO] [INFO] Dados encontrados para: "Bruno Mars"
[28/05/2025 20:26:45] [INFO] [INFO] Buscando dados para: "Ne-Yo"
[28/05/2025 20:26:46] [INFO] [INFO] Dados encontrados para: "Ne-Yo"
[28/05/2025 20:26:46] [INFO] [INFO] Buscando dados para: "Sean Kingston"
[28/05/2025 20:26:46] [INFO] [INFO] Dados encontrados para: "Sean Kingston"
[28/05/2025 20:26:46] [INFO] [INFO] Buscando dados para: "Justin Timberlake"
[28/05/2025 20:26:46] [INFO] [INFO] Dados encontrados para: "Justin Timberlake"
[28/05/2025 20:26:46] [INFO] [INFO] Buscando dados para: "Justin Bieber"
[28/05/2025 20:26:46] [INFO] [INFO] Dados encontrados para: "Justin Bieber"
[28/05/2025 20:26:46] [INFO] [INFO] Buscando dados para: "Usher"
[28/05/2025 20:26:47] [INFO] [INFO] Dados encontrados para: "Usher"
[28/05/2025 20:26:47] [INFO] [INFO] Buscando dados para: "Maroon 5"
[28/05/2025 20:26:47] [INFO] [INFO] Dados encontrados para: "Maroon 5"
[28/05/2025 20:26:47] [INFO] [INFO] Buscando dados para: "Taio Cruz"
[28/05/2025 20:26:47] [INFO] [INFO] Dados encontrados para: "Taio Cruz"
[28/05/2025 20:26:47] [INFO] [INFO] Buscando dados para: "The Weeknd"
[28/05/2025 20:26:47] [INFO] [INFO] Dados encontrados para: "The Weeknd"
[28/05/2025 20:26:47] [INFO] [INFO] Buscando dados para: "Akon"
[28/05/2025 20:26:48] [INFO] [INFO] Dados encontrados para: "Akon"
[28/05/2025 20:26:48] [INFO] [INFO] Buscando dados para: "Zayn"
[28/05/2025 20:26:48] [INFO] [INFO] Dados encontrados para: "Zayn"
[28/05/2025 20:26:48] [INFO] [INFO] Buscando dados para: "Lady Gaga"
[28/05/2025 20:26:48] [INFO] [INFO] Dados encontrados para: "Lady Gaga"
[28/05/2025 20:26:48] [INFO] [INFO] Buscando dados para: "Beyoncé"
[28/05/2025 20:26:48] [INFO] [INFO] Dados encontrados para: "Beyoncé"
[28/05/2025 20:26:48] [INFO] [INFO] Buscando dados para: "Dua Lipa"
[28/05/2025 20:26:49] [INFO] [INFO] Dados encontrados para: "Dua Lipa"
[28/05/2025 20:26:49] [INFO] [INFO] Buscando dados para: "Madonna"
[28/05/2025 20:26:49] [INFO] [INFO] Dados encontrados para: "Madonna"
[28/05/2025 20:26:49] [INFO] [INFO] Buscando dados para: "Britney Spears"
[28/05/2025 20:26:49] [INFO] [INFO] Dados encontrados para: "Britney Spears"
[28/05/2025 20:26:49] [INFO] [INFO] Buscando dados para: "Kylie Minogue"
[28/05/2025 20:26:49] [INFO] [INFO] Dados encontrados para: "Kylie Minogue"
[28/05/2025 20:26:49] [INFO] [INFO] Buscando dados para: "Miley Cyrus"
[28/05/2025 20:26:50] [INFO] [INFO] Dados encontrados para: "Miley Cyrus"
[28/05/2025 20:26:50] [INFO] [INFO] Buscando dados para: "Taylor Swift"
[28/05/2025 20:26:50] [INFO] [INFO] Dados encontrados para: "Taylor Swift"
[28/05/2025 20:26:50] [INFO] [INFO] Buscando dados para: "Ariana Grande"
[28/05/2025 20:26:50] [INFO] [INFO] Dados encontrados para: "Ariana Grande"
[28/05/2025 20:26:50] [INFO] [INFO] Buscando dados para: "Katy Perry"
[28/05/2025 20:26:50] [INFO] [INFO] Dados encontrados para: "Katy Perry"
[28/05/2025 20:26:50] [INFO] [INFO] Buscando dados para: "Sabrina Carpenter"
[28/05/2025 20:26:51] [INFO] [INFO] Dados encontrados para: "Sabrina Carpenter"
[28/05/2025 20:26:51] [INFO] [INFO] Buscando dados para: "Thiaguinho"
[28/05/2025 20:26:51] [INFO] [INFO] Dados encontrados para: "Thiaguinho"
[28/05/2025 20:26:51] [INFO] [INFO] Buscando dados para: "Péricles"
[28/05/2025 20:26:51] [INFO] [INFO] Dados encontrados para: "Péricles"
[28/05/2025 20:26:51] [INFO] [INFO] Buscando dados para: "Arlindo Cruz"
[28/05/2025 20:26:52] [INFO] [INFO] Dados encontrados para: "Arlindo Cruz"
[28/05/2025 20:26:52] [INFO] [INFO] Buscando dados para: "Ferrugem"
[28/05/2025 20:26:52] [INFO] [INFO] Dados encontrados para: "Ferrugem"
[28/05/2025 20:26:52] [INFO] [INFO] Buscando dados para: "Grupo Menos é Mais"
[28/05/2025 20:26:52] [INFO] [INFO] Dados encontrados para: "Grupo Menos é Mais"
[28/05/2025 20:26:52] [INFO] [INFO] Buscando dados para: "Sorriso Maroto"
[28/05/2025 20:26:53] [INFO] [INFO] Dados encontrados para: "Sorriso Maroto"
[28/05/2025 20:26:53] [INFO] [INFO] Buscando dados para: "Zeca Pagodinho"
[28/05/2025 20:26:53] [INFO] [INFO] Dados encontrados para: "Zeca Pagodinho"
[28/05/2025 20:26:53] [INFO] [INFO] Buscando dados para: "Pixote"
[28/05/2025 20:26:53] [INFO] [INFO] Dados encontrados para: "Pixote"
[28/05/2025 20:26:53] [INFO] [INFO] Buscando dados para: "Grupo Revelação"
[28/05/2025 20:26:53] [INFO] [INFO] Dados encontrados para: "Grupo Revelação"
[28/05/2025 20:26:53] [INFO] [INFO] Buscando dados para: "Turma do Pagode"
[28/05/2025 20:26:54] [INFO] [INFO] Dados encontrados para: "Turma do Pagode"
[28/05/2025 20:26:54] [INFO] [INFO] Buscando dados para: "Belo"
[28/05/2025 20:26:54] [INFO] [INFO] Dados encontrados para: "Belo"
[28/05/2025 20:26:54] [INFO] [EXCEL] Salvando artistas em planilha Excel com Pandas
[28/05/2025 20:26:55] [INFO] [EXCEL] Arquivo Excel encontrado no S3. Carregando dados existentes (66 registros).
[28/05/2025 20:26:56] [INFO] [EXCEL] Salvamento concluído. Total de registros: 99
[28/05/2025 20:26:56] [INFO] [MAIN] Processo finalizado com sucesso!
[29/05/2025 17:01:10] [INFO] [MAIN] Iniciando processo de coleta de dados na Last.fm...
[29/05/2025 17:01:10] [INFO] [CHECK] Verificando se já houve coleta hoje...
[29/05/2025 17:01:11] [INFO] [CHECK] Nenhum dado coletado hoje. Prosseguindo...
[29/05/2025 17:01:11] [INFO] [INFO] Buscando dados para: "Bruno Mars"
[29/05/2025 17:01:12] [INFO] [INFO] Dados encontrados para: "Bruno Mars"
[29/05/2025 17:01:12] [INFO] [INFO] Buscando dados para: "Lady Gaga"
[29/05/2025 17:01:12] [INFO] [INFO] Dados encontrados para: "Lady Gaga"
[29/05/2025 17:01:12] [INFO] [INFO] Buscando dados para: "Thiaguinho"
[29/05/2025 17:01:12] [INFO] [INFO] Dados encontrados para: "Thiaguinho"
[29/05/2025 17:01:12] [INFO] [INFO] Buscando dados para: "Bruno Mars"
[29/05/2025 17:01:12] [INFO] [INFO] Dados encontrados para: "Bruno Mars"
[29/05/2025 17:01:12] [INFO] [INFO] Buscando dados para: "Ne-Yo"
[29/05/2025 17:01:13] [INFO] [INFO] Dados encontrados para: "Ne-Yo"
[29/05/2025 17:01:13] [INFO] [INFO] Buscando dados para: "Sean Kingston"
[29/05/2025 17:01:13] [INFO] [INFO] Dados encontrados para: "Sean Kingston"
[29/05/2025 17:01:13] [INFO] [INFO] Buscando dados para: "Justin Timberlake"
[29/05/2025 17:01:13] [INFO] [INFO] Dados encontrados para: "Justin Timberlake"
[29/05/2025 17:01:13] [INFO] [INFO] Buscando dados para: "Justin Bieber"
[29/05/2025 17:01:14] [INFO] [INFO] Dados encontrados para: "Justin Bieber"
[29/05/2025 17:01:14] [INFO] [INFO] Buscando dados para: "Usher"
[29/05/2025 17:01:14] [INFO] [INFO] Dados encontrados para: "Usher"
[29/05/2025 17:01:14] [INFO] [INFO] Buscando dados para: "Maroon 5"
[29/05/2025 17:01:14] [INFO] [INFO] Dados encontrados para: "Maroon 5"
[29/05/2025 17:01:14] [INFO] [INFO] Buscando dados para: "Taio Cruz"
[29/05/2025 17:01:15] [INFO] [INFO] Dados encontrados para: "Taio Cruz"
[29/05/2025 17:01:15] [INFO] [INFO] Buscando dados para: "The Weeknd"
[29/05/2025 17:01:15] [INFO] [INFO] Dados encontrados para: "The Weeknd"
[29/05/2025 17:01:15] [INFO] [INFO] Buscando dados para: "Akon"
[29/05/2025 17:01:15] [INFO] [INFO] Dados encontrados para: "Akon"
[29/05/2025 17:01:15] [INFO] [INFO] Buscando dados para: "Zayn"
[29/05/2025 17:01:15] [INFO] [INFO] Dados encontrados para: "Zayn"
[29/05/2025 17:01:15] [INFO] [INFO] Buscando dados para: "Lady Gaga"
[29/05/2025 17:01:16] [INFO] [INFO] Dados encontrados para: "Lady Gaga"
[29/05/2025 17:01:16] [INFO] [INFO] Buscando dados para: "Beyoncé"
[29/05/2025 17:01:16] [INFO] [INFO] Dados encontrados para: "Beyoncé"
[29/05/2025 17:01:16] [INFO] [INFO] Buscando dados para: "Dua Lipa"
[29/05/2025 17:01:16] [INFO] [INFO] Dados encontrados para: "Dua Lipa"
[29/05/2025 17:01:16] [INFO] [INFO] Buscando dados para: "Madonna"
[29/05/2025 17:01:16] [INFO] [INFO] Dados encontrados para: "Madonna"
[29/05/2025 17:01:16] [INFO] [INFO] Buscando dados para: "Britney Spears"
[29/05/2025 17:01:17] [INFO] [INFO] Dados encontrados para: "Britney Spears"
[29/05/2025 17:01:17] [INFO] [INFO] Buscando dados para: "Kylie Minogue"
[29/05/2025 17:01:17] [INFO] [INFO] Dados encontrados para: "Kylie Minogue"
[29/05/2025 17:01:17] [INFO] [INFO] Buscando dados para: "Miley Cyrus"
[29/05/2025 17:01:17] [INFO] [INFO] Dados encontrados para: "Miley Cyrus"
[29/05/2025 17:01:17] [INFO] [INFO] Buscando dados para: "Taylor Swift"
[29/05/2025 17:01:17] [INFO] [INFO] Dados encontrados para: "Taylor Swift"
[29/05/2025 17:01:17] [INFO] [INFO] Buscando dados para: "Ariana Grande"
[29/05/2025 17:01:18] [INFO] [INFO] Dados encontrados para: "Ariana Grande"
[29/05/2025 17:01:18] [INFO] [INFO] Buscando dados para: "Katy Perry"
[29/05/2025 17:01:18] [INFO] [INFO] Dados encontrados para: "Katy Perry"
[29/05/2025 17:01:18] [INFO] [INFO] Buscando dados para: "Sabrina Carpenter"
[29/05/2025 17:01:18] [INFO] [INFO] Dados encontrados para: "Sabrina Carpenter"
[29/05/2025 17:01:18] [INFO] [INFO] Buscando dados para: "Thiaguinho"
[29/05/2025 17:01:18] [INFO] [INFO] Dados encontrados para: "Thiaguinho"
[29/05/2025 17:01:18] [INFO] [INFO] Buscando dados para: "Péricles"
[29/05/2025 17:01:18] [INFO] [INFO] Dados encontrados para: "Péricles"
[29/05/2025 17:01:18] [INFO] [INFO] Buscando dados para: "Arlindo Cruz"
[29/05/2025 17:01:19] [INFO] [INFO] Dados encontrados para: "Arlindo Cruz"
[29/05/2025 17:01:19] [INFO] [INFO] Buscando dados para: "Ferrugem"
[29/05/2025 17:01:19] [INFO] [INFO] Dados encontrados para: "Ferrugem"
[29/05/2025 17:01:19] [INFO] [INFO] Buscando dados para: "Grupo Menos é Mais"
[29/05/2025 17:01:19] [INFO] [INFO] Dados encontrados para: "Grupo Menos é Mais"
[29/05/2025 17:01:19] [INFO] [INFO] Buscando dados para: "Sorriso Maroto"
[29/05/2025 17:01:19] [INFO] [INFO] Dados encontrados para: "Sorriso Maroto"
[29/05/2025 17:01:19] [INFO] [INFO] Buscando dados para: "Zeca Pagodinho"
[29/05/2025 17:01:20] [INFO] [INFO] Dados encontrados para: "Zeca Pagodinho"
[29/05/2025 17:01:20] [INFO] [INFO] Buscando dados para: "Pixote"
[29/05/2025 17:01:20] [INFO] [INFO] Dados encontrados para: "Pixote"
[29/05/2025 17:01:20] [INFO] [INFO] Buscando dados para: "Grupo Revelação"
[29/05/2025 17:01:20] [INFO] [INFO] Dados encontrados para: "Grupo Revelação"
[29/05/2025 17:01:20] [INFO] [INFO] Buscando dados para: "Turma do Pagode"
[29/05/2025 17:01:20] [INFO] [INFO] Dados encontrados para: "Turma do Pagode"
[29/05/2025 17:01:20] [INFO] [INFO] Buscando dados para: "Belo"
[29/05/2025 17:01:21] [INFO] [INFO] Dados encontrados para: "Belo"
[29/05/2025 17:01:21] [INFO] [EXCEL] Salvando artistas em planilha Excel com Pandas
[29/05/2025 17:01:21] [INFO] [EXCEL] Arquivo Excel encontrado no S3. Carregando dados existentes (99 registros).
[29/05/2025 17:01:22] [INFO] [EXCEL] Salvamento concluído. Total de registros: 132
[29/05/2025 17:01:22] [INFO] [MAIN] Processo finalizado com sucesso!
[29/05/2025 17:22:04] [INFO] [MAIN] Iniciando processo de coleta de dados na Last.fm...
[29/05/2025 17:22:04] [INFO] [CHECK] Verificando se já houve coleta hoje...
[29/05/2025 17:22:05] [INFO] [CHECK] Nenhum dado coletado hoje. Prosseguindo...
[29/05/2025 17:22:05] [INFO] [INFO] Buscando dados para: "Bruno Mars"
[29/05/2025 17:22:06] [INFO] [INFO] Dados encontrados para: "Bruno Mars"
[29/05/2025 17:22:06] [INFO] [INFO] Buscando dados para: "Ne-Yo"
[29/05/2025 17:22:06] [INFO] [INFO] Dados encontrados para: "Ne-Yo"
[29/05/2025 17:22:06] [INFO] [INFO] Buscando dados para: "Sean Kingston"
[29/05/2025 17:22:06] [INFO] [INFO] Dados encontrados para: "Sean Kingston"
[29/05/2025 17:22:06] [INFO] [INFO] Buscando dados para: "Justin Timberlake"
[29/05/2025 17:22:06] [INFO] [INFO] Dados encontrados para: "Justin Timberlake"
[29/05/2025 17:22:06] [INFO] [INFO] Buscando dados para: "Justin Bieber"
[29/05/2025 17:22:07] [INFO] [INFO] Dados encontrados para: "Justin Bieber"
[29/05/2025 17:22:07] [INFO] [INFO] Buscando dados para: "Usher"
[29/05/2025 17:22:07] [INFO] [INFO] Dados encontrados para: "Usher"
[29/05/2025 17:22:07] [INFO] [INFO] Buscando dados para: "Maroon 5"
[29/05/2025 17:22:07] [INFO] [INFO] Dados encontrados para: "Maroon 5"
[29/05/2025 17:22:07] [INFO] [INFO] Buscando dados para: "Taio Cruz"
[29/05/2025 17:22:07] [INFO] [INFO] Dados encontrados para: "Taio Cruz"
[29/05/2025 17:22:07] [INFO] [INFO] Buscando dados para: "The Weeknd"
[29/05/2025 17:22:08] [INFO] [INFO] Dados encontrados para: "The Weeknd"
[29/05/2025 17:22:08] [INFO] [INFO] Buscando dados para: "Akon"
[29/05/2025 17:22:08] [INFO] [INFO] Dados encontrados para: "Akon"
[29/05/2025 17:22:08] [INFO] [INFO] Buscando dados para: "Zayn"
[29/05/2025 17:22:08] [INFO] [INFO] Dados encontrados para: "Zayn"
[29/05/2025 17:22:08] [INFO] [INFO] Buscando dados para: "Lady Gaga"
[29/05/2025 17:22:08] [INFO] [INFO] Dados encontrados para: "Lady Gaga"
[29/05/2025 17:22:08] [INFO] [INFO] Buscando dados para: "Beyoncé"
[29/05/2025 17:22:09] [INFO] [INFO] Dados encontrados para: "Beyoncé"
[29/05/2025 17:22:09] [INFO] [INFO] Buscando dados para: "Dua Lipa"
[29/05/2025 17:22:09] [INFO] [INFO] Dados encontrados para: "Dua Lipa"
[29/05/2025 17:22:09] [INFO] [INFO] Buscando dados para: "Madonna"
[29/05/2025 17:22:09] [INFO] [INFO] Dados encontrados para: "Madonna"
[29/05/2025 17:22:09] [INFO] [INFO] Buscando dados para: "Britney Spears"
[29/05/2025 17:22:09] [INFO] [INFO] Dados encontrados para: "Britney Spears"
[29/05/2025 17:22:09] [INFO] [INFO] Buscando dados para: "Kylie Minogue"
[29/05/2025 17:22:09] [INFO] [INFO] Dados encontrados para: "Kylie Minogue"
[29/05/2025 17:22:09] [INFO] [INFO] Buscando dados para: "Miley Cyrus"
[29/05/2025 17:22:10] [INFO] [INFO] Dados encontrados para: "Miley Cyrus"
[29/05/2025 17:22:10] [INFO] [INFO] Buscando dados para: "Taylor Swift"
[29/05/2025 17:22:10] [INFO] [INFO] Dados encontrados para: "Taylor Swift"
[29/05/2025 17:22:10] [INFO] [INFO] Buscando dados para: "Ariana Grande"
[29/05/2025 17:22:10] [INFO] [INFO] Dados encontrados para: "Ariana Grande"
[29/05/2025 17:22:10] [INFO] [INFO] Buscando dados para: "Katy Perry"
[29/05/2025 17:22:10] [INFO] [INFO] Dados encontrados para: "Katy Perry"
[29/05/2025 17:22:10] [INFO] [INFO] Buscando dados para: "Sabrina Carpenter"
[29/05/2025 17:22:11] [INFO] [INFO] Dados encontrados para: "Sabrina Carpenter"
[29/05/2025 17:22:11] [INFO] [INFO] Buscando dados para: "Thiaguinho"
[29/05/2025 17:22:11] [INFO] [INFO] Dados encontrados para: "Thiaguinho"
[29/05/2025 17:22:11] [INFO] [INFO] Buscando dados para: "Péricles"
[29/05/2025 17:22:11] [INFO] [INFO] Dados encontrados para: "Péricles"
[29/05/2025 17:22:11] [INFO] [INFO] Buscando dados para: "Arlindo Cruz"
[29/05/2025 17:22:11] [INFO] [INFO] Dados encontrados para: "Arlindo Cruz"
[29/05/2025 17:22:11] [INFO] [INFO] Buscando dados para: "Ferrugem"
[29/05/2025 17:22:12] [INFO] [INFO] Dados encontrados para: "Ferrugem"
[29/05/2025 17:22:12] [INFO] [INFO] Buscando dados para: "Grupo Menos é Mais"
[29/05/2025 17:22:12] [INFO] [INFO] Dados encontrados para: "Grupo Menos é Mais"
[29/05/2025 17:22:12] [INFO] [INFO] Buscando dados para: "Sorriso Maroto"
[29/05/2025 17:22:12] [INFO] [INFO] Dados encontrados para: "Sorriso Maroto"
[29/05/2025 17:22:12] [INFO] [INFO] Buscando dados para: "Zeca Pagodinho"
[29/05/2025 17:22:12] [INFO] [INFO] Dados encontrados para: "Zeca Pagodinho"
[29/05/2025 17:22:12] [INFO] [INFO] Buscando dados para: "Pixote"
[29/05/2025 17:22:13] [INFO] [INFO] Dados encontrados para: "Pixote"
[29/05/2025 17:22:13] [INFO] [INFO] Buscando dados para: "Grupo Revelação"
[29/05/2025 17:22:14] [INFO] [INFO] Dados encontrados para: "Grupo Revelação"
[29/05/2025 17:22:14] [INFO] [INFO] Buscando dados para: "Turma do Pagode"
[29/05/2025 17:22:14] [INFO] [INFO] Dados encontrados para: "Turma do Pagode"
[29/05/2025 17:22:14] [INFO] [INFO] Buscando dados para: "Belo"
[29/05/2025 17:22:14] [INFO] [INFO] Dados encontrados para: "Belo"
[29/05/2025 17:22:14] [INFO] [EXCEL] Salvando artistas em planilha Excel com Pandas
[29/05/2025 17:22:15] [INFO] [EXCEL] Arquivo Excel encontrado no S3. Carregando dados existentes (99 registros).
[29/05/2025 17:22:16] [INFO] [EXCEL] Salvamento concluído. Total de registros: 132
[29/05/2025 17:22:16] [INFO] [MAIN] Processo finalizado com sucesso!
[30/05/2025 18:59:20] [INFO] [MAIN] Iniciando processo de coleta de dados na Last.fm...
[30/05/2025 18:59:20] [INFO] [CHECK] Verificando se já houve coleta hoje...
[30/05/2025 18:59:21] [INFO] [CHECK] Nenhum dado coletado hoje. Prosseguindo...
[30/05/2025 18:59:21] [INFO] [INFO] Buscando dados para: "Bruno Mars"
[30/05/2025 18:59:22] [INFO] [INFO] Dados encontrados para: "Bruno Mars"
[30/05/2025 18:59:22] [INFO] [INFO] Buscando dados para: "Ne-Yo"
[30/05/2025 18:59:22] [INFO] [INFO] Dados encontrados para: "Ne-Yo"
[30/05/2025 18:59:22] [INFO] [INFO] Buscando dados para: "Sean Kingston"
[30/05/2025 18:59:22] [INFO] [INFO] Dados encontrados para: "Sean Kingston"
[30/05/2025 18:59:22] [INFO] [INFO] Buscando dados para: "Justin Timberlake"
[30/05/2025 18:59:22] [INFO] [INFO] Dados encontrados para: "Justin Timberlake"
[30/05/2025 18:59:22] [INFO] [INFO] Buscando dados para: "Justin Bieber"
[30/05/2025 18:59:22] [INFO] [INFO] Dados encontrados para: "Justin Bieber"
[30/05/2025 18:59:22] [INFO] [INFO] Buscando dados para: "Usher"
[30/05/2025 18:59:22] [INFO] [INFO] Dados encontrados para: "Usher"
[30/05/2025 18:59:22] [INFO] [INFO] Buscando dados para: "Maroon 5"
[30/05/2025 18:59:23] [INFO] [INFO] Dados encontrados para: "Maroon 5"
[30/05/2025 18:59:23] [INFO] [INFO] Buscando dados para: "Taio Cruz"
[30/05/2025 18:59:23] [INFO] [INFO] Dados encontrados para: "Taio Cruz"
[30/05/2025 18:59:23] [INFO] [INFO] Buscando dados para: "The Weeknd"
[30/05/2025 18:59:23] [INFO] [INFO] Dados encontrados para: "The Weeknd"
[30/05/2025 18:59:23] [INFO] [INFO] Buscando dados para: "Akon"
[30/05/2025 18:59:23] [INFO] [INFO] Dados encontrados para: "Akon"
[30/05/2025 18:59:23] [INFO] [INFO] Buscando dados para: "Zayn"
[30/05/2025 18:59:23] [INFO] [INFO] Dados encontrados para: "Zayn"
[30/05/2025 18:59:23] [INFO] [INFO] Buscando dados para: "Lady Gaga"
[30/05/2025 18:59:23] [INFO] [INFO] Dados encontrados para: "Lady Gaga"
[30/05/2025 18:59:23] [INFO] [INFO] Buscando dados para: "Beyoncé"
[30/05/2025 18:59:24] [INFO] [INFO] Dados encontrados para: "Beyoncé"
[30/05/2025 18:59:24] [INFO] [INFO] Buscando dados para: "Dua Lipa"
[30/05/2025 18:59:24] [INFO] [INFO] Dados encontrados para: "Dua Lipa"
[30/05/2025 18:59:24] [INFO] [INFO] Buscando dados para: "Madonna"
[30/05/2025 18:59:24] [INFO] [INFO] Dados encontrados para: "Madonna"
[30/05/2025 18:59:24] [INFO] [INFO] Buscando dados para: "Britney Spears"
[30/05/2025 18:59:24] [INFO] [INFO] Dados encontrados para: "Britney Spears"
[30/05/2025 18:59:24] [INFO] [INFO] Buscando dados para: "Kylie Minogue"
[30/05/2025 18:59:24] [INFO] [INFO] Dados encontrados para: "Kylie Minogue"
[30/05/2025 18:59:24] [INFO] [INFO] Buscando dados para: "Miley Cyrus"
[30/05/2025 18:59:25] [INFO] [INFO] Dados encontrados para: "Miley Cyrus"
[30/05/2025 18:59:25] [INFO] [INFO] Buscando dados para: "Taylor Swift"
[30/05/2025 18:59:25] [INFO] [INFO] Dados encontrados para: "Taylor Swift"
[30/05/2025 18:59:25] [INFO] [INFO] Buscando dados para: "Ariana Grande"
[30/05/2025 18:59:25] [INFO] [INFO] Dados encontrados para: "Ariana Grande"
[30/05/2025 18:59:25] [INFO] [INFO] Buscando dados para: "Katy Perry"
[30/05/2025 18:59:25] [INFO] [INFO] Dados encontrados para: "Katy Perry"
[30/05/2025 18:59:25] [INFO] [INFO] Buscando dados para: "Sabrina Carpenter"
[30/05/2025 18:59:25] [INFO] [INFO] Dados encontrados para: "Sabrina Carpenter"
[30/05/2025 18:59:25] [INFO] [INFO] Buscando dados para: "Thiaguinho"
[30/05/2025 18:59:25] [INFO] [INFO] Dados encontrados para: "Thiaguinho"
[30/05/2025 18:59:25] [INFO] [INFO] Buscando dados para: "Péricles"
[30/05/2025 18:59:26] [INFO] [INFO] Dados encontrados para: "Péricles"
[30/05/2025 18:59:26] [INFO] [INFO] Buscando dados para: "Arlindo Cruz"
[30/05/2025 18:59:26] [INFO] [INFO] Dados encontrados para: "Arlindo Cruz"
[30/05/2025 18:59:26] [INFO] [INFO] Buscando dados para: "Ferrugem"
[30/05/2025 18:59:26] [INFO] [INFO] Dados encontrados para: "Ferrugem"
[30/05/2025 18:59:26] [INFO] [INFO] Buscando dados para: "Grupo Menos é Mais"
[30/05/2025 18:59:26] [INFO] [INFO] Dados encontrados para: "Grupo Menos é Mais"
[30/05/2025 18:59:26] [INFO] [INFO] Buscando dados para: "Sorriso Maroto"
[30/05/2025 18:59:27] [INFO] [INFO] Dados encontrados para: "Sorriso Maroto"
[30/05/2025 18:59:27] [INFO] [INFO] Buscando dados para: "Zeca Pagodinho"
[30/05/2025 18:59:27] [INFO] [INFO] Dados encontrados para: "Zeca Pagodinho"
[30/05/2025 18:59:27] [INFO] [INFO] Buscando dados para: "Pixote"
[30/05/2025 18:59:27] [INFO] [INFO] Dados encontrados para: "Pixote"
[30/05/2025 18:59:27] [INFO] [INFO] Buscando dados para: "Grupo Revelação"
[30/05/2025 18:59:27] [INFO] [INFO] Dados encontrados para: "Grupo Revelação"
[30/05/2025 18:59:27] [INFO] [INFO] Buscando dados para: "Turma do Pagode"
[30/05/2025 18:59:27] [INFO] [INFO] Dados encontrados para: "Turma do Pagode"
[30/05/2025 18:59:27] [INFO] [INFO] Buscando dados para: "Belo"
[30/05/2025 18:59:28] [INFO] [INFO] Dados encontrados para: "Belo"
[30/05/2025 18:59:28] [INFO] [EXCEL] Salvando artistas em planilha Excel com Pandas
[30/05/2025 18:59:28] [INFO] [EXCEL] Arquivo Excel encontrado no S3. Carregando dados existentes (132 registros).
[30/05/2025 18:59:29] [INFO] [EXCEL] Salvamento concluído. Total de registros: 165
[30/05/2025 18:59:29] [INFO] [MAIN] Processo finalizado com sucesso!
[01/06/2025 21:01:33] [INFO] [MAIN] Iniciando processo de coleta de dados na Last.fm...
[01/06/2025 21:01:33] [INFO] [CHECK] Verificando se já houve coleta hoje...
[01/06/2025 21:01:33] [INFO] [CHECK] Nenhum dado coletado hoje. Prosseguindo...
[01/06/2025 21:01:34] [INFO] [INFO] Buscando dados para: "Bruno Mars"
[01/06/2025 21:01:34] [INFO] [INFO] Dados encontrados para: "Bruno Mars"
[01/06/2025 21:01:34] [INFO] [INFO] Buscando dados para: "Ne-Yo"
[01/06/2025 21:01:34] [INFO] [INFO] Dados encontrados para: "Ne-Yo"
[01/06/2025 21:01:34] [INFO] [INFO] Buscando dados para: "Sean Kingston"
[01/06/2025 21:01:35] [INFO] [INFO] Dados encontrados para: "Sean Kingston"
[01/06/2025 21:01:35] [INFO] [INFO] Buscando dados para: "Justin Timberlake"
[01/06/2025 21:01:35] [INFO] [INFO] Dados encontrados para: "Justin Timberlake"
[01/06/2025 21:01:35] [INFO] [INFO] Buscando dados para: "Justin Bieber"
[01/06/2025 21:01:35] [INFO] [INFO] Dados encontrados para: "Justin Bieber"
[01/06/2025 21:01:35] [INFO] [INFO] Buscando dados para: "Usher"
[01/06/2025 21:01:35] [INFO] [INFO] Dados encontrados para: "Usher"
[01/06/2025 21:01:35] [INFO] [INFO] Buscando dados para: "Maroon 5"
[01/06/2025 21:01:35] [INFO] [INFO] Dados encontrados para: "Maroon 5"
[01/06/2025 21:01:35] [INFO] [INFO] Buscando dados para: "Taio Cruz"
[01/06/2025 21:01:35] [INFO] [INFO] Dados encontrados para: "Taio Cruz"
[01/06/2025 21:01:35] [INFO] [INFO] Buscando dados para: "The Weeknd"
[01/06/2025 21:01:36] [INFO] [INFO] Dados encontrados para: "The Weeknd"
[01/06/2025 21:01:36] [INFO] [INFO] Buscando dados para: "Akon"
[01/06/2025 21:01:36] [INFO] [INFO] Dados encontrados para: "Akon"
[01/06/2025 21:01:36] [INFO] [INFO] Buscando dados para: "Zayn"
[01/06/2025 21:01:36] [INFO] [INFO] Dados encontrados para: "Zayn"
[01/06/2025 21:01:36] [INFO] [INFO] Buscando dados para: "Lady Gaga"
[01/06/2025 21:01:36] [INFO] [INFO] Dados encontrados para: "Lady Gaga"
[01/06/2025 21:01:36] [INFO] [INFO] Buscando dados para: "Beyoncé"
[01/06/2025 21:01:37] [INFO] [INFO] Dados encontrados para: "Beyoncé"
[01/06/2025 21:01:37] [INFO] [INFO] Buscando dados para: "Dua Lipa"
[01/06/2025 21:01:37] [INFO] [INFO] Dados encontrados para: "Dua Lipa"
[01/06/2025 21:01:37] [INFO] [INFO] Buscando dados para: "Madonna"
[01/06/2025 21:01:37] [INFO] [INFO] Dados encontrados para: "Madonna"
[01/06/2025 21:01:37] [INFO] [INFO] Buscando dados para: "Britney Spears"
[01/06/2025 21:01:37] [INFO] [INFO] Dados encontrados para: "Britney Spears"
[01/06/2025 21:01:37] [INFO] [INFO] Buscando dados para: "Kylie Minogue"
[01/06/2025 21:01:37] [INFO] [INFO] Dados encontrados para: "Kylie Minogue"
[01/06/2025 21:01:37] [INFO] [INFO] Buscando dados para: "Miley Cyrus"
[01/06/2025 21:01:37] [INFO] [INFO] Dados encontrados para: "Miley Cyrus"
[01/06/2025 21:01:37] [INFO] [INFO] Buscando dados para: "Taylor Swift"
[01/06/2025 21:01:38] [INFO] [INFO] Dados encontrados para: "Taylor Swift"
[01/06/2025 21:01:38] [INFO] [INFO] Buscando dados para: "Ariana Grande"
[01/06/2025 21:01:38] [INFO] [INFO] Dados encontrados para: "Ariana Grande"
[01/06/2025 21:01:38] [INFO] [INFO] Buscando dados para: "Katy Perry"
[01/06/2025 21:01:38] [INFO] [INFO] Dados encontrados para: "Katy Perry"
[01/06/2025 21:01:38] [INFO] [INFO] Buscando dados para: "Sabrina Carpenter"
[01/06/2025 21:01:38] [INFO] [INFO] Dados encontrados para: "Sabrina Carpenter"
[01/06/2025 21:01:38] [INFO] [INFO] Buscando dados para: "Thiaguinho"
[01/06/2025 21:01:39] [INFO] [INFO] Dados encontrados para: "Thiaguinho"
[01/06/2025 21:01:39] [INFO] [INFO] Buscando dados para: "Péricles"
[01/06/2025 21:01:39] [INFO] [INFO] Dados encontrados para: "Péricles"
[01/06/2025 21:01:39] [INFO] [INFO] Buscando dados para: "Arlindo Cruz"
[01/06/2025 21:01:39] [INFO] [INFO] Dados encontrados para: "Arlindo Cruz"
[01/06/2025 21:01:39] [INFO] [INFO] Buscando dados para: "Ferrugem"
[01/06/2025 21:01:39] [INFO] [INFO] Dados encontrados para: "Ferrugem"
[01/06/2025 21:01:39] [INFO] [INFO] Buscando dados para: "Grupo Menos é Mais"
[01/06/2025 21:01:40] [INFO] [INFO] Dados encontrados para: "Grupo Menos é Mais"
[01/06/2025 21:01:40] [INFO] [INFO] Buscando dados para: "Sorriso Maroto"
[01/06/2025 21:01:40] [INFO] [INFO] Dados encontrados para: "Sorriso Maroto"
[01/06/2025 21:01:40] [INFO] [INFO] Buscando dados para: "Zeca Pagodinho"
[01/06/2025 21:01:40] [INFO] [INFO] Dados encontrados para: "Zeca Pagodinho"
[01/06/2025 21:01:40] [INFO] [INFO] Buscando dados para: "Pixote"
[01/06/2025 21:01:40] [INFO] [INFO] Dados encontrados para: "Pixote"
[01/06/2025 21:01:40] [INFO] [INFO] Buscando dados para: "Grupo Revelação"
[01/06/2025 21:01:41] [INFO] [INFO] Dados encontrados para: "Grupo Revelação"
[01/06/2025 21:01:41] [INFO] [INFO] Buscando dados para: "Turma do Pagode"
[01/06/2025 21:01:41] [INFO] [INFO] Dados encontrados para: "Turma do Pagode"
[01/06/2025 21:01:41] [INFO] [INFO] Buscando dados para: "Belo"
[01/06/2025 21:01:42] [INFO] [INFO] Dados encontrados para: "Belo"
[01/06/2025 21:01:42] [INFO] [EXCEL] Salvando artistas em planilha Excel com Pandas
[01/06/2025 21:01:42] [INFO] [EXCEL] Arquivo Excel encontrado no S3. Carregando dados existentes (165 registros).
[01/06/2025 21:01:43] [INFO] [EXCEL] Salvamento concluído. Total de registros: 198
[01/06/2025 21:01:43] [INFO] [MAIN] Processo finalizado com sucesso!
[02/06/2025 23:09:21] [INFO] [MAIN] Iniciando processo de coleta de dados na Last.fm...
[02/06/2025 23:09:21] [INFO] [CHECK] Verificando se já houve coleta hoje...
[02/06/2025 23:09:22] [INFO] [CHECK] Nenhum dado coletado hoje. Prosseguindo...
[02/06/2025 23:09:22] [INFO] [INFO] Buscando dados para: "Bruno Mars"
[02/06/2025 23:09:23] [INFO] [INFO] Dados encontrados para: "Bruno Mars"
[02/06/2025 23:09:23] [INFO] [INFO] Buscando dados para: "Ne-Yo"
[02/06/2025 23:09:23] [INFO] [INFO] Dados encontrados para: "Ne-Yo"
[02/06/2025 23:09:23] [INFO] [INFO] Buscando dados para: "Sean Kingston"
[02/06/2025 23:09:23] [INFO] [INFO] Dados encontrados para: "Sean Kingston"
[02/06/2025 23:09:23] [INFO] [INFO] Buscando dados para: "Justin Timberlake"
[02/06/2025 23:09:23] [INFO] [INFO] Dados encontrados para: "Justin Timberlake"
[02/06/2025 23:09:23] [INFO] [INFO] Buscando dados para: "Justin Bieber"
[02/06/2025 23:09:23] [INFO] [INFO] Dados encontrados para: "Justin Bieber"
[02/06/2025 23:09:23] [INFO] [INFO] Buscando dados para: "Usher"
[02/06/2025 23:09:23] [INFO] [INFO] Dados encontrados para: "Usher"
[02/06/2025 23:09:23] [INFO] [INFO] Buscando dados para: "Maroon 5"
[02/06/2025 23:09:24] [INFO] [INFO] Dados encontrados para: "Maroon 5"
[02/06/2025 23:09:24] [INFO] [INFO] Buscando dados para: "Taio Cruz"
[02/06/2025 23:09:24] [INFO] [INFO] Dados encontrados para: "Taio Cruz"
[02/06/2025 23:09:24] [INFO] [INFO] Buscando dados para: "The Weeknd"
[02/06/2025 23:09:24] [INFO] [INFO] Dados encontrados para: "The Weeknd"
[02/06/2025 23:09:24] [INFO] [INFO] Buscando dados para: "Akon"
[02/06/2025 23:09:24] [INFO] [INFO] Dados encontrados para: "Akon"
[02/06/2025 23:09:24] [INFO] [INFO] Buscando dados para: "Zayn"
[02/06/2025 23:09:25] [INFO] [INFO] Dados encontrados para: "Zayn"
[02/06/2025 23:09:25] [INFO] [INFO] Buscando dados para: "Lady Gaga"
[02/06/2025 23:09:25] [INFO] [INFO] Dados encontrados para: "Lady Gaga"
[02/06/2025 23:09:25] [INFO] [INFO] Buscando dados para: "Beyoncé"
[02/06/2025 23:09:25] [INFO] [INFO] Dados encontrados para: "Beyoncé"
[02/06/2025 23:09:25] [INFO] [INFO] Buscando dados para: "Dua Lipa"
[02/06/2025 23:09:25] [INFO] [INFO] Dados encontrados para: "Dua Lipa"
[02/06/2025 23:09:25] [INFO] [INFO] Buscando dados para: "Madonna"
[02/06/2025 23:09:25] [INFO] [INFO] Dados encontrados para: "Madonna"
[02/06/2025 23:09:25] [INFO] [INFO] Buscando dados para: "Britney Spears"
[02/06/2025 23:09:25] [INFO] [INFO] Dados encontrados para: "Britney Spears"
[02/06/2025 23:09:25] [INFO] [INFO] Buscando dados para: "Kylie Minogue"
[02/06/2025 23:09:26] [INFO] [INFO] Dados encontrados para: "Kylie Minogue"
[02/06/2025 23:09:26] [INFO] [INFO] Buscando dados para: "Miley Cyrus"
[02/06/2025 23:09:26] [INFO] [INFO] Dados encontrados para: "Miley Cyrus"
[02/06/2025 23:09:26] [INFO] [INFO] Buscando dados para: "Taylor Swift"
[02/06/2025 23:09:26] [INFO] [INFO] Dados encontrados para: "Taylor Swift"
[02/06/2025 23:09:26] [INFO] [INFO] Buscando dados para: "Ariana Grande"
[02/06/2025 23:09:26] [INFO] [INFO] Dados encontrados para: "Ariana Grande"
[02/06/2025 23:09:26] [INFO] [INFO] Buscando dados para: "Katy Perry"
[02/06/2025 23:09:26] [INFO] [INFO] Dados encontrados para: "Katy Perry"
[02/06/2025 23:09:26] [INFO] [INFO] Buscando dados para: "Sabrina Carpenter"
[02/06/2025 23:09:27] [INFO] [INFO] Dados encontrados para: "Sabrina Carpenter"
[02/06/2025 23:09:27] [INFO] [INFO] Buscando dados para: "Thiaguinho"
[02/06/2025 23:09:27] [INFO] [INFO] Dados encontrados para: "Thiaguinho"
[02/06/2025 23:09:27] [INFO] [INFO] Buscando dados para: "Péricles"
[02/06/2025 23:09:27] [INFO] [INFO] Dados encontrados para: "Péricles"
[02/06/2025 23:09:27] [INFO] [INFO] Buscando dados para: "Arlindo Cruz"
[02/06/2025 23:09:27] [INFO] [INFO] Dados encontrados para: "Arlindo Cruz"
[02/06/2025 23:09:27] [INFO] [INFO] Buscando dados para: "Ferrugem"
[02/06/2025 23:09:27] [INFO] [INFO] Dados encontrados para: "Ferrugem"
[02/06/2025 23:09:27] [INFO] [INFO] Buscando dados para: "Grupo Menos é Mais"
[02/06/2025 23:09:28] [INFO] [INFO] Dados encontrados para: "Grupo Menos é Mais"
[02/06/2025 23:09:28] [INFO] [INFO] Buscando dados para: "Sorriso Maroto"
[02/06/2025 23:09:28] [INFO] [INFO] Dados encontrados para: "Sorriso Maroto"
[02/06/2025 23:09:28] [INFO] [INFO] Buscando dados para: "Zeca Pagodinho"
[02/06/2025 23:09:28] [INFO] [INFO] Dados encontrados para: "Zeca Pagodinho"
[02/06/2025 23:09:28] [INFO] [INFO] Buscando dados para: "Pixote"
[02/06/2025 23:09:28] [INFO] [INFO] Dados encontrados para: "Pixote"
[02/06/2025 23:09:28] [INFO] [INFO] Buscando dados para: "Grupo Revelação"
[02/06/2025 23:09:28] [INFO] [INFO] Dados encontrados para: "Grupo Revelação"
[02/06/2025 23:09:28] [INFO] [INFO] Buscando dados para: "Turma do Pagode"
[02/06/2025 23:09:29] [INFO] [INFO] Dados encontrados para: "Turma do Pagode"
[02/06/2025 23:09:29] [INFO] [INFO] Buscando dados para: "Belo"
[02/06/2025 23:09:29] [INFO] [INFO] Dados encontrados para: "Belo"
[02/06/2025 23:09:29] [INFO] [EXCEL] Salvando artistas em planilha Excel com Pandas
[02/06/2025 23:09:29] [INFO] [EXCEL] Arquivo Excel encontrado no S3. Carregando dados existentes (198 registros).
[02/06/2025 23:09:30] [INFO] [EXCEL] Salvamento concluído. Total de registros: 231
[02/06/2025 23:09:30] [INFO] [MAIN] Processo finalizado com sucesso!
[03/06/2025 22:32:13] [INFO] [MAIN] Iniciando processo de coleta de dados na Last.fm...
[03/06/2025 22:32:13] [INFO] [CHECK] Verificando se já houve coleta hoje...
[03/06/2025 22:32:14] [INFO] [CHECK] Nenhum dado coletado hoje. Prosseguindo...
[03/06/2025 22:32:14] [INFO] [INFO] Buscando dados para: "Bruno Mars"
[03/06/2025 22:32:14] [INFO] [INFO] Dados encontrados para: "Bruno Mars"
[03/06/2025 22:32:14] [INFO] [INFO] Buscando dados para: "Ne-Yo"
[03/06/2025 22:32:14] [INFO] [INFO] Dados encontrados para: "Ne-Yo"
[03/06/2025 22:32:14] [INFO] [INFO] Buscando dados para: "Sean Kingston"
[03/06/2025 22:32:15] [INFO] [INFO] Dados encontrados para: "Sean Kingston"
[03/06/2025 22:32:15] [INFO] [INFO] Buscando dados para: "Justin Timberlake"
[03/06/2025 22:32:15] [INFO] [INFO] Dados encontrados para: "Justin Timberlake"
[03/06/2025 22:32:15] [INFO] [INFO] Buscando dados para: "Justin Bieber"
[03/06/2025 22:32:15] [INFO] [INFO] Dados encontrados para: "Justin Bieber"
[03/06/2025 22:32:15] [INFO] [INFO] Buscando dados para: "Usher"
[03/06/2025 22:32:15] [INFO] [INFO] Dados encontrados para: "Usher"
[03/06/2025 22:32:15] [INFO] [INFO] Buscando dados para: "Maroon 5"
[03/06/2025 22:32:15] [INFO] [INFO] Dados encontrados para: "Maroon 5"
[03/06/2025 22:32:15] [INFO] [INFO] Buscando dados para: "Taio Cruz"
[03/06/2025 22:32:15] [INFO] [INFO] Dados encontrados para: "Taio Cruz"
[03/06/2025 22:32:15] [INFO] [INFO] Buscando dados para: "The Weeknd"
[03/06/2025 22:32:16] [INFO] [INFO] Dados encontrados para: "The Weeknd"
[03/06/2025 22:32:16] [INFO] [INFO] Buscando dados para: "Akon"
[03/06/2025 22:32:16] [INFO] [INFO] Dados encontrados para: "Akon"
[03/06/2025 22:32:16] [INFO] [INFO] Buscando dados para: "Zayn"
[03/06/2025 22:32:16] [INFO] [INFO] Dados encontrados para: "Zayn"
[03/06/2025 22:32:16] [INFO] [INFO] Buscando dados para: "Lady Gaga"
[03/06/2025 22:32:16] [INFO] [INFO] Dados encontrados para: "Lady Gaga"
[03/06/2025 22:32:16] [INFO] [INFO] Buscando dados para: "Beyoncé"
[03/06/2025 22:32:16] [INFO] [INFO] Dados encontrados para: "Beyoncé"
[03/06/2025 22:32:16] [INFO] [INFO] Buscando dados para: "Dua Lipa"
[03/06/2025 22:32:16] [INFO] [INFO] Dados encontrados para: "Dua Lipa"
[03/06/2025 22:32:16] [INFO] [INFO] Buscando dados para: "Madonna"
[03/06/2025 22:32:17] [INFO] [INFO] Dados encontrados para: "Madonna"
[03/06/2025 22:32:17] [INFO] [INFO] Buscando dados para: "Britney Spears"
[03/06/2025 22:32:17] [INFO] [INFO] Dados encontrados para: "Britney Spears"
[03/06/2025 22:32:17] [INFO] [INFO] Buscando dados para: "Kylie Minogue"
[03/06/2025 22:32:17] [INFO] [INFO] Dados encontrados para: "Kylie Minogue"
[03/06/2025 22:32:17] [INFO] [INFO] Buscando dados para: "Miley Cyrus"
[03/06/2025 22:32:17] [INFO] [INFO] Dados encontrados para: "Miley Cyrus"
[03/06/2025 22:32:17] [INFO] [INFO] Buscando dados para: "Taylor Swift"
[03/06/2025 22:32:17] [INFO] [INFO] Dados encontrados para: "Taylor Swift"
[03/06/2025 22:32:17] [INFO] [INFO] Buscando dados para: "Ariana Grande"
[03/06/2025 22:32:17] [INFO] [INFO] Dados encontrados para: "Ariana Grande"
[03/06/2025 22:32:17] [INFO] [INFO] Buscando dados para: "Katy Perry"
[03/06/2025 22:32:18] [INFO] [INFO] Dados encontrados para: "Katy Perry"
[03/06/2025 22:32:18] [INFO] [INFO] Buscando dados para: "Sabrina Carpenter"
[03/06/2025 22:32:18] [INFO] [INFO] Dados encontrados para: "Sabrina Carpenter"
[03/06/2025 22:32:18] [INFO] [INFO] Buscando dados para: "Thiaguinho"
[03/06/2025 22:32:18] [INFO] [INFO] Dados encontrados para: "Thiaguinho"
[03/06/2025 22:32:18] [INFO] [INFO] Buscando dados para: "Péricles"
[03/06/2025 22:32:19] [INFO] [INFO] Dados encontrados para: "Péricles"
[03/06/2025 22:32:19] [INFO] [INFO] Buscando dados para: "Arlindo Cruz"
[03/06/2025 22:32:19] [INFO] [INFO] Dados encontrados para: "Arlindo Cruz"
[03/06/2025 22:32:19] [INFO] [INFO] Buscando dados para: "Ferrugem"
[03/06/2025 22:32:19] [INFO] [INFO] Dados encontrados para: "Ferrugem"
[03/06/2025 22:32:19] [INFO] [INFO] Buscando dados para: "Grupo Menos é Mais"
[03/06/2025 22:32:19] [INFO] [INFO] Dados encontrados para: "Grupo Menos é Mais"
[03/06/2025 22:32:19] [INFO] [INFO] Buscando dados para: "Sorriso Maroto"
[03/06/2025 22:32:20] [INFO] [INFO] Dados encontrados para: "Sorriso Maroto"
[03/06/2025 22:32:20] [INFO] [INFO] Buscando dados para: "Zeca Pagodinho"
[03/06/2025 22:32:20] [INFO] [INFO] Dados encontrados para: "Zeca Pagodinho"
[03/06/2025 22:32:20] [INFO] [INFO] Buscando dados para: "Pixote"
[03/06/2025 22:32:20] [INFO] [INFO] Dados encontrados para: "Pixote"
[03/06/2025 22:32:20] [INFO] [INFO] Buscando dados para: "Grupo Revelação"
[03/06/2025 22:32:21] [INFO] [INFO] Dados encontrados para: "Grupo Revelação"
[03/06/2025 22:32:21] [INFO] [INFO] Buscando dados para: "Turma do Pagode"
[03/06/2025 22:32:21] [INFO] [INFO] Dados encontrados para: "Turma do Pagode"
[03/06/2025 22:32:21] [INFO] [INFO] Buscando dados para: "Belo"
[03/06/2025 22:32:21] [INFO] [INFO] Dados encontrados para: "Belo"
[03/06/2025 22:32:21] [INFO] [EXCEL] Salvando artistas em planilha Excel com Pandas
[03/06/2025 22:32:22] [INFO] [EXCEL] Arquivo Excel encontrado no S3. Carregando dados existentes (231 registros).
[03/06/2025 22:32:22] [INFO] [EXCEL] Salvamento concluído. Total de registros: 264
[03/06/2025 22:32:22] [INFO] [MAIN] Processo finalizado com sucesso!
[04/06/2025 21:20:46] [INFO] [MAIN] Iniciando processo de coleta de dados na Last.fm...
[04/06/2025 21:20:46] [INFO] [CHECK] Verificando se já houve coleta hoje...
[04/06/2025 21:20:47] [INFO] [CHECK] Nenhum dado coletado hoje. Prosseguindo...
[04/06/2025 21:20:47] [INFO] [INFO] Buscando dados para: "Bruno Mars"
[04/06/2025 21:20:48] [INFO] [INFO] Dados encontrados para: "Bruno Mars"
[04/06/2025 21:20:48] [INFO] [INFO] Buscando dados para: "Ne-Yo"
[04/06/2025 21:20:48] [INFO] [INFO] Dados encontrados para: "Ne-Yo"
[04/06/2025 21:20:48] [INFO] [INFO] Buscando dados para: "Sean Kingston"
[04/06/2025 21:20:48] [INFO] [INFO] Dados encontrados para: "Sean Kingston"
[04/06/2025 21:20:48] [INFO] [INFO] Buscando dados para: "Justin Timberlake"
[04/06/2025 21:20:48] [INFO] [INFO] Dados encontrados para: "Justin Timberlake"
[04/06/2025 21:20:48] [INFO] [INFO] Buscando dados para: "Justin Bieber"
[04/06/2025 21:20:49] [INFO] [INFO] Dados encontrados para: "Justin Bieber"
[04/06/2025 21:20:49] [INFO] [INFO] Buscando dados para: "Usher"
[04/06/2025 21:20:49] [INFO] [INFO] Dados encontrados para: "Usher"
[04/06/2025 21:20:49] [INFO] [INFO] Buscando dados para: "Maroon 5"
[04/06/2025 21:20:49] [INFO] [INFO] Dados encontrados para: "Maroon 5"
[04/06/2025 21:20:49] [INFO] [INFO] Buscando dados para: "Taio Cruz"
[04/06/2025 21:20:49] [INFO] [INFO] Dados encontrados para: "Taio Cruz"
[04/06/2025 21:20:49] [INFO] [INFO] Buscando dados para: "The Weeknd"
[04/06/2025 21:20:49] [INFO] [INFO] Dados encontrados para: "The Weeknd"
[04/06/2025 21:20:49] [INFO] [INFO] Buscando dados para: "Akon"
[04/06/2025 21:20:49] [INFO] [INFO] Dados encontrados para: "Akon"
[04/06/2025 21:20:49] [INFO] [INFO] Buscando dados para: "Zayn"
[04/06/2025 21:20:50] [INFO] [INFO] Dados encontrados para: "Zayn"
[04/06/2025 21:20:50] [INFO] [INFO] Buscando dados para: "Lady Gaga"
[04/06/2025 21:20:50] [INFO] [INFO] Dados encontrados para: "Lady Gaga"
[04/06/2025 21:20:50] [INFO] [INFO] Buscando dados para: "Beyoncé"
[04/06/2025 21:20:50] [INFO] [INFO] Dados encontrados para: "Beyoncé"
[04/06/2025 21:20:50] [INFO] [INFO] Buscando dados para: "Dua Lipa"
[04/06/2025 21:20:50] [INFO] [INFO] Dados encontrados para: "Dua Lipa"
[04/06/2025 21:20:50] [INFO] [INFO] Buscando dados para: "Madonna"
[04/06/2025 21:20:51] [INFO] [INFO] Dados encontrados para: "Madonna"
[04/06/2025 21:20:51] [INFO] [INFO] Buscando dados para: "Britney Spears"
[04/06/2025 21:20:51] [INFO] [INFO] Dados encontrados para: "Britney Spears"
[04/06/2025 21:20:51] [INFO] [INFO] Buscando dados para: "Kylie Minogue"
[04/06/2025 21:20:51] [INFO] [INFO] Dados encontrados para: "Kylie Minogue"
[04/06/2025 21:20:51] [INFO] [INFO] Buscando dados para: "Miley Cyrus"
[04/06/2025 21:20:51] [INFO] [INFO] Dados encontrados para: "Miley Cyrus"
[04/06/2025 21:20:51] [INFO] [INFO] Buscando dados para: "Taylor Swift"
[04/06/2025 21:20:52] [INFO] [INFO] Dados encontrados para: "Taylor Swift"
[04/06/2025 21:20:52] [INFO] [INFO] Buscando dados para: "Ariana Grande"
[04/06/2025 21:20:52] [INFO] [INFO] Dados encontrados para: "Ariana Grande"
[04/06/2025 21:20:52] [INFO] [INFO] Buscando dados para: "Katy Perry"
[04/06/2025 21:20:52] [INFO] [INFO] Dados encontrados para: "Katy Perry"
[04/06/2025 21:20:52] [INFO] [INFO] Buscando dados para: "Sabrina Carpenter"
[04/06/2025 21:20:52] [INFO] [INFO] Dados encontrados para: "Sabrina Carpenter"
[04/06/2025 21:20:52] [INFO] [INFO] Buscando dados para: "Thiaguinho"
[04/06/2025 21:20:52] [INFO] [INFO] Dados encontrados para: "Thiaguinho"
[04/06/2025 21:20:52] [INFO] [INFO] Buscando dados para: "Péricles"
[04/06/2025 21:20:53] [INFO] [INFO] Dados encontrados para: "Péricles"
[04/06/2025 21:20:53] [INFO] [INFO] Buscando dados para: "Arlindo Cruz"
[04/06/2025 21:20:53] [INFO] [INFO] Dados encontrados para: "Arlindo Cruz"
[04/06/2025 21:20:53] [INFO] [INFO] Buscando dados para: "Ferrugem"
[04/06/2025 21:20:53] [INFO] [INFO] Dados encontrados para: "Ferrugem"
[04/06/2025 21:20:53] [INFO] [INFO] Buscando dados para: "Grupo Menos é Mais"
[04/06/2025 21:20:53] [INFO] [INFO] Dados encontrados para: "Grupo Menos é Mais"
[04/06/2025 21:20:53] [INFO] [INFO] Buscando dados para: "Sorriso Maroto"
[04/06/2025 21:20:53] [INFO] [INFO] Dados encontrados para: "Sorriso Maroto"
[04/06/2025 21:20:53] [INFO] [INFO] Buscando dados para: "Zeca Pagodinho"
[04/06/2025 21:20:54] [INFO] [INFO] Dados encontrados para: "Zeca Pagodinho"
[04/06/2025 21:20:54] [INFO] [INFO] Buscando dados para: "Pixote"
[04/06/2025 21:20:54] [INFO] [INFO] Dados encontrados para: "Pixote"
[04/06/2025 21:20:54] [INFO] [INFO] Buscando dados para: "Grupo Revelação"
[04/06/2025 21:20:54] [INFO] [INFO] Dados encontrados para: "Grupo Revelação"
[04/06/2025 21:20:54] [INFO] [INFO] Buscando dados para: "Turma do Pagode"
[04/06/2025 21:20:54] [INFO] [INFO] Dados encontrados para: "Turma do Pagode"
[04/06/2025 21:20:54] [INFO] [INFO] Buscando dados para: "Belo"
[04/06/2025 21:20:55] [INFO] [INFO] Dados encontrados para: "Belo"
[04/06/2025 21:20:55] [INFO] [EXCEL] Salvando artistas em planilha Excel com Pandas
[04/06/2025 21:20:55] [INFO] [EXCEL] Arquivo Excel encontrado no S3. Carregando dados existentes (264 registros).
[04/06/2025 21:20:56] [INFO] [EXCEL] Salvamento concluído. Total de registros: 297
[04/06/2025 21:20:56] [INFO] [MAIN] Processo finalizado com sucesso!
[05/06/2025 20:13:32] [INFO] [MAIN] Iniciando processo de coleta de dados na Last.fm...
[05/06/2025 20:13:32] [INFO] [CHECK] Verificando se já houve coleta hoje...
[05/06/2025 20:13:33] [INFO] [CHECK] Nenhum dado coletado hoje. Prosseguindo...
[05/06/2025 20:13:33] [INFO] [INFO] Buscando dados para: "Bruno Mars"
[05/06/2025 20:13:34] [INFO] [INFO] Dados encontrados para: "Bruno Mars"
[05/06/2025 20:13:34] [INFO] [INFO] Buscando dados para: "Ne-Yo"
[05/06/2025 20:13:34] [INFO] [INFO] Dados encontrados para: "Ne-Yo"
[05/06/2025 20:13:34] [INFO] [INFO] Buscando dados para: "Sean Kingston"
[05/06/2025 20:13:35] [INFO] [INFO] Dados encontrados para: "Sean Kingston"
[05/06/2025 20:13:35] [INFO] [INFO] Buscando dados para: "Justin Timberlake"
[05/06/2025 20:13:35] [INFO] [INFO] Dados encontrados para: "Justin Timberlake"
[05/06/2025 20:13:35] [INFO] [INFO] Buscando dados para: "Justin Bieber"
[05/06/2025 20:13:35] [INFO] [INFO] Dados encontrados para: "Justin Bieber"
[05/06/2025 20:13:35] [INFO] [INFO] Buscando dados para: "Usher"
[05/06/2025 20:13:35] [INFO] [INFO] Dados encontrados para: "Usher"
[05/06/2025 20:13:35] [INFO] [INFO] Buscando dados para: "Maroon 5"
[05/06/2025 20:13:36] [INFO] [INFO] Dados encontrados para: "Maroon 5"
[05/06/2025 20:13:36] [INFO] [INFO] Buscando dados para: "The Weeknd"
[05/06/2025 20:13:36] [INFO] [INFO] Dados encontrados para: "The Weeknd"
[05/06/2025 20:13:36] [INFO] [INFO] Buscando dados para: "Akon"
[05/06/2025 20:13:36] [INFO] [INFO] Dados encontrados para: "Akon"
[05/06/2025 20:13:36] [INFO] [INFO] Buscando dados para: "Zayn"
[05/06/2025 20:13:37] [INFO] [INFO] Dados encontrados para: "Zayn"
[05/06/2025 20:13:37] [INFO] [INFO] Buscando dados para: "Lady Gaga"
[05/06/2025 20:13:37] [INFO] [INFO] Dados encontrados para: "Lady Gaga"
[05/06/2025 20:13:37] [INFO] [INFO] Buscando dados para: "Beyoncé"
[05/06/2025 20:13:37] [INFO] [INFO] Dados encontrados para: "Beyoncé"
[05/06/2025 20:13:37] [INFO] [INFO] Buscando dados para: "Dua Lipa"
[05/06/2025 20:13:38] [INFO] [INFO] Dados encontrados para: "Dua Lipa"
[05/06/2025 20:13:38] [INFO] [INFO] Buscando dados para: "Madonna"
[05/06/2025 20:13:38] [INFO] [INFO] Dados encontrados para: "Madonna"
[05/06/2025 20:13:38] [INFO] [INFO] Buscando dados para: "Britney Spears"
[05/06/2025 20:13:39] [INFO] [INFO] Dados encontrados para: "Britney Spears"
[05/06/2025 20:13:39] [INFO] [INFO] Buscando dados para: "Kylie Minogue"
[05/06/2025 20:13:40] [INFO] [INFO] Dados encontrados para: "Kylie Minogue"
[05/06/2025 20:13:40] [INFO] [INFO] Buscando dados para: "Miley Cyrus"
[05/06/2025 20:13:40] [INFO] [INFO] Dados encontrados para: "Miley Cyrus"
[05/06/2025 20:13:40] [INFO] [INFO] Buscando dados para: "Taylor Swift"
[05/06/2025 20:13:40] [INFO] [INFO] Dados encontrados para: "Taylor Swift"
[05/06/2025 20:13:40] [INFO] [INFO] Buscando dados para: "Ariana Grande"
[05/06/2025 20:13:41] [INFO] [INFO] Dados encontrados para: "Ariana Grande"
[05/06/2025 20:13:41] [INFO] [INFO] Buscando dados para: "Katy Perry"
[05/06/2025 20:13:41] [INFO] [INFO] Dados encontrados para: "Katy Perry"
[05/06/2025 20:13:41] [INFO] [INFO] Buscando dados para: "Sabrina Carpenter"
[05/06/2025 20:13:42] [INFO] [INFO] Dados encontrados para: "Sabrina Carpenter"
[05/06/2025 20:13:42] [INFO] [INFO] Buscando dados para: "Thiaguinho"
[05/06/2025 20:13:42] [INFO] [INFO] Dados encontrados para: "Thiaguinho"
[05/06/2025 20:13:42] [INFO] [INFO] Buscando dados para: "Péricles"
[05/06/2025 20:13:42] [INFO] [INFO] Dados encontrados para: "Péricles"
[05/06/2025 20:13:42] [INFO] [INFO] Buscando dados para: "Arlindo Cruz"
[05/06/2025 20:13:43] [INFO] [INFO] Dados encontrados para: "Arlindo Cruz"
[05/06/2025 20:13:43] [INFO] [INFO] Buscando dados para: "Ferrugem"
[05/06/2025 20:13:43] [INFO] [INFO] Dados encontrados para: "Ferrugem"
[05/06/2025 20:13:43] [INFO] [INFO] Buscando dados para: "Grupo Menos é Mais"
[05/06/2025 20:13:43] [INFO] [INFO] Dados encontrados para: "Grupo Menos é Mais"
[05/06/2025 20:13:43] [INFO] [INFO] Buscando dados para: "Sorriso Maroto"
[05/06/2025 20:13:44] [INFO] [INFO] Dados encontrados para: "Sorriso Maroto"
[05/06/2025 20:13:44] [INFO] [INFO] Buscando dados para: "Zeca Pagodinho"
[05/06/2025 20:13:44] [INFO] [INFO] Dados encontrados para: "Zeca Pagodinho"
[05/06/2025 20:13:44] [INFO] [INFO] Buscando dados para: "Pixote"
[05/06/2025 20:13:45] [INFO] [INFO] Dados encontrados para: "Pixote"
[05/06/2025 20:13:45] [INFO] [INFO] Buscando dados para: "Grupo Revelação"
[05/06/2025 20:13:45] [INFO] [INFO] Dados encontrados para: "Grupo Revelação"
[05/06/2025 20:13:45] [INFO] [INFO] Buscando dados para: "Turma do Pagode"
[05/06/2025 20:13:45] [INFO] [INFO] Dados encontrados para: "Turma do Pagode"
[05/06/2025 20:13:45] [INFO] [INFO] Buscando dados para: "Belo"
[05/06/2025 20:13:46] [INFO] [INFO] Dados encontrados para: "Belo"
[05/06/2025 20:13:46] [INFO] [EXCEL] Salvando artistas em planilha Excel com Pandas
[05/06/2025 20:13:47] [INFO] [EXCEL] Arquivo Excel encontrado no S3. Carregando dados existentes (288 registros).
[05/06/2025 20:13:48] [INFO] [EXCEL] Salvamento concluído. Total de registros: 320
[05/06/2025 20:13:48] [INFO] [MAIN] Processo finalizado com sucesso!
[06/06/2025 20:30:36] [INFO] [MAIN] Iniciando processo de coleta de dados na Last.fm...
[06/06/2025 20:30:36] [INFO] [CHECK] Verificando se já houve coleta hoje...
[06/06/2025 20:30:37] [INFO] [CHECK] Nenhum dado coletado hoje. Prosseguindo...
[06/06/2025 20:30:37] [INFO] [INFO] Buscando dados para: "Bruno Mars"
[06/06/2025 20:30:38] [INFO] [INFO] Dados encontrados para: "Bruno Mars"
[06/06/2025 20:30:38] [INFO] [INFO] Buscando dados para: "Ne-Yo"
[06/06/2025 20:30:38] [INFO] [INFO] Dados encontrados para: "Ne-Yo"
[06/06/2025 20:30:38] [INFO] [INFO] Buscando dados para: "Sean Kingston"
[06/06/2025 20:30:38] [INFO] [INFO] Dados encontrados para: "Sean Kingston"
[06/06/2025 20:30:38] [INFO] [INFO] Buscando dados para: "Justin Timberlake"
[06/06/2025 20:30:38] [INFO] [INFO] Dados encontrados para: "Justin Timberlake"
[06/06/2025 20:30:38] [INFO] [INFO] Buscando dados para: "Justin Bieber"
[06/06/2025 20:30:38] [INFO] [INFO] Dados encontrados para: "Justin Bieber"
[06/06/2025 20:30:38] [INFO] [INFO] Buscando dados para: "Usher"
[06/06/2025 20:30:39] [INFO] [INFO] Dados encontrados para: "Usher"
[06/06/2025 20:30:39] [INFO] [INFO] Buscando dados para: "Maroon 5"
[06/06/2025 20:30:39] [INFO] [INFO] Dados encontrados para: "Maroon 5"
[06/06/2025 20:30:39] [INFO] [INFO] Buscando dados para: "The Weeknd"
[06/06/2025 20:30:39] [INFO] [INFO] Dados encontrados para: "The Weeknd"
[06/06/2025 20:30:39] [INFO] [INFO] Buscando dados para: "Akon"
[06/06/2025 20:30:39] [INFO] [INFO] Dados encontrados para: "Akon"
[06/06/2025 20:30:39] [INFO] [INFO] Buscando dados para: "Zayn"
[06/06/2025 20:30:39] [INFO] [INFO] Dados encontrados para: "Zayn"
[06/06/2025 20:30:39] [INFO] [INFO] Buscando dados para: "Lady Gaga"
[06/06/2025 20:30:40] [INFO] [INFO] Dados encontrados para: "Lady Gaga"
[06/06/2025 20:30:40] [INFO] [INFO] Buscando dados para: "Beyoncé"
[06/06/2025 20:30:40] [INFO] [INFO] Dados encontrados para: "Beyoncé"
[06/06/2025 20:30:40] [INFO] [INFO] Buscando dados para: "Dua Lipa"
[06/06/2025 20:30:40] [INFO] [INFO] Dados encontrados para: "Dua Lipa"
[06/06/2025 20:30:40] [INFO] [INFO] Buscando dados para: "Madonna"
[06/06/2025 20:30:40] [INFO] [INFO] Dados encontrados para: "Madonna"
[06/06/2025 20:30:40] [INFO] [INFO] Buscando dados para: "Britney Spears"
[06/06/2025 20:30:40] [INFO] [INFO] Dados encontrados para: "Britney Spears"
[06/06/2025 20:30:40] [INFO] [INFO] Buscando dados para: "Kylie Minogue"
[06/06/2025 20:30:41] [INFO] [INFO] Dados encontrados para: "Kylie Minogue"
[06/06/2025 20:30:41] [INFO] [INFO] Buscando dados para: "Miley Cyrus"
[06/06/2025 20:30:41] [INFO] [INFO] Dados encontrados para: "Miley Cyrus"
[06/06/2025 20:30:41] [INFO] [INFO] Buscando dados para: "Taylor Swift"
[06/06/2025 20:30:41] [INFO] [INFO] Dados encontrados para: "Taylor Swift"
[06/06/2025 20:30:41] [INFO] [INFO] Buscando dados para: "Ariana Grande"
[06/06/2025 20:30:41] [INFO] [INFO] Dados encontrados para: "Ariana Grande"
[06/06/2025 20:30:41] [INFO] [INFO] Buscando dados para: "Katy Perry"
[06/06/2025 20:30:42] [INFO] [INFO] Dados encontrados para: "Katy Perry"
[06/06/2025 20:30:42] [INFO] [INFO] Buscando dados para: "Sabrina Carpenter"
[06/06/2025 20:30:42] [INFO] [INFO] Dados encontrados para: "Sabrina Carpenter"
[06/06/2025 20:30:42] [INFO] [INFO] Buscando dados para: "Thiaguinho"
[06/06/2025 20:30:42] [INFO] [INFO] Dados encontrados para: "Thiaguinho"
[06/06/2025 20:30:42] [INFO] [INFO] Buscando dados para: "Péricles"
[06/06/2025 20:30:42] [INFO] [INFO] Dados encontrados para: "Péricles"
[06/06/2025 20:30:42] [INFO] [INFO] Buscando dados para: "Arlindo Cruz"
[06/06/2025 20:30:43] [INFO] [INFO] Dados encontrados para: "Arlindo Cruz"
[06/06/2025 20:30:43] [INFO] [INFO] Buscando dados para: "Ferrugem"
[06/06/2025 20:30:43] [INFO] [INFO] Dados encontrados para: "Ferrugem"
[06/06/2025 20:30:43] [INFO] [INFO] Buscando dados para: "Grupo Menos é Mais"
[06/06/2025 20:30:43] [INFO] [INFO] Dados encontrados para: "Grupo Menos é Mais"
[06/06/2025 20:30:43] [INFO] [INFO] Buscando dados para: "Sorriso Maroto"
[06/06/2025 20:30:43] [INFO] [INFO] Dados encontrados para: "Sorriso Maroto"
[06/06/2025 20:30:43] [INFO] [INFO] Buscando dados para: "Zeca Pagodinho"
[06/06/2025 20:30:43] [INFO] [INFO] Dados encontrados para: "Zeca Pagodinho"
[06/06/2025 20:30:43] [INFO] [INFO] Buscando dados para: "Pixote"
[06/06/2025 20:30:44] [INFO] [INFO] Dados encontrados para: "Pixote"
[06/06/2025 20:30:44] [INFO] [INFO] Buscando dados para: "Grupo Revelação"
[06/06/2025 20:30:44] [INFO] [INFO] Dados encontrados para: "Grupo Revelação"
[06/06/2025 20:30:44] [INFO] [INFO] Buscando dados para: "Turma do Pagode"
[06/06/2025 20:30:44] [INFO] [INFO] Dados encontrados para: "Turma do Pagode"
[06/06/2025 20:30:44] [INFO] [INFO] Buscando dados para: "Belo"
[06/06/2025 20:30:44] [INFO] [INFO] Dados encontrados para: "Belo"
[06/06/2025 20:30:44] [INFO] [EXCEL] Salvando artistas em planilha Excel com Pandas
[06/06/2025 20:30:45] [INFO] [EXCEL] Arquivo Excel encontrado no S3. Carregando dados existentes (320 registros).
[06/06/2025 20:30:45] [INFO] [EXCEL] Salvamento concluído. Total de registros: 352
[06/06/2025 20:30:45] [INFO] [MAIN] Processo finalizado com sucesso!
[07/06/2025 23:43:49] [INFO] [MAIN] Iniciando processo de coleta de dados na Last.fm...
[07/06/2025 23:43:49] [INFO] [CHECK] Verificando se já houve coleta hoje...
[07/06/2025 23:43:50] [INFO] [CHECK] Nenhum dado coletado hoje. Prosseguindo...
[07/06/2025 23:43:50] [INFO] [INFO] Buscando dados para: "Bruno Mars"
[07/06/2025 23:43:50] [INFO] [INFO] Dados encontrados para: "Bruno Mars"
[07/06/2025 23:43:50] [INFO] [INFO] Buscando dados para: "Ne-Yo"
[07/06/2025 23:43:50] [INFO] [INFO] Dados encontrados para: "Ne-Yo"
[07/06/2025 23:43:50] [INFO] [INFO] Buscando dados para: "Sean Kingston"
[07/06/2025 23:43:51] [INFO] [INFO] Dados encontrados para: "Sean Kingston"
[07/06/2025 23:43:51] [INFO] [INFO] Buscando dados para: "Justin Timberlake"
[07/06/2025 23:43:51] [INFO] [INFO] Dados encontrados para: "Justin Timberlake"
[07/06/2025 23:43:51] [INFO] [INFO] Buscando dados para: "Justin Bieber"
[07/06/2025 23:43:51] [INFO] [INFO] Dados encontrados para: "Justin Bieber"
[07/06/2025 23:43:51] [INFO] [INFO] Buscando dados para: "Usher"
[07/06/2025 23:43:51] [INFO] [INFO] Dados encontrados para: "Usher"
[07/06/2025 23:43:51] [INFO] [INFO] Buscando dados para: "Maroon 5"
[07/06/2025 23:43:51] [INFO] [INFO] Dados encontrados para: "Maroon 5"
[07/06/2025 23:43:51] [INFO] [INFO] Buscando dados para: "The Weeknd"
[07/06/2025 23:43:51] [INFO] [INFO] Dados encontrados para: "The Weeknd"
[07/06/2025 23:43:51] [INFO] [INFO] Buscando dados para: "Akon"
[07/06/2025 23:43:52] [INFO] [INFO] Dados encontrados para: "Akon"
[07/06/2025 23:43:52] [INFO] [INFO] Buscando dados para: "Zayn"
[07/06/2025 23:43:52] [INFO] [INFO] Dados encontrados para: "Zayn"
[07/06/2025 23:43:52] [INFO] [INFO] Buscando dados para: "Lady Gaga"
[07/06/2025 23:43:52] [INFO] [INFO] Dados encontrados para: "Lady Gaga"
[07/06/2025 23:43:52] [INFO] [INFO] Buscando dados para: "Beyoncé"
[07/06/2025 23:43:52] [INFO] [INFO] Dados encontrados para: "Beyoncé"
[07/06/2025 23:43:52] [INFO] [INFO] Buscando dados para: "Dua Lipa"
[07/06/2025 23:43:53] [INFO] [INFO] Dados encontrados para: "Dua Lipa"
[07/06/2025 23:43:53] [INFO] [INFO] Buscando dados para: "Madonna"
[07/06/2025 23:43:53] [INFO] [INFO] Dados encontrados para: "Madonna"
[07/06/2025 23:43:53] [INFO] [INFO] Buscando dados para: "Britney Spears"
[07/06/2025 23:43:53] [INFO] [INFO] Dados encontrados para: "Britney Spears"
[07/06/2025 23:43:53] [INFO] [INFO] Buscando dados para: "Kylie Minogue"
[07/06/2025 23:43:53] [INFO] [INFO] Dados encontrados para: "Kylie Minogue"
[07/06/2025 23:43:53] [INFO] [INFO] Buscando dados para: "Miley Cyrus"
[07/06/2025 23:43:53] [INFO] [INFO] Dados encontrados para: "Miley Cyrus"
[07/06/2025 23:43:53] [INFO] [INFO] Buscando dados para: "Taylor Swift"
[07/06/2025 23:43:53] [INFO] [INFO] Dados encontrados para: "Taylor Swift"
[07/06/2025 23:43:53] [INFO] [INFO] Buscando dados para: "Ariana Grande"
[07/06/2025 23:43:54] [INFO] [INFO] Dados encontrados para: "Ariana Grande"
[07/06/2025 23:43:54] [INFO] [INFO] Buscando dados para: "Katy Perry"
[07/06/2025 23:43:54] [INFO] [INFO] Dados encontrados para: "Katy Perry"
[07/06/2025 23:43:54] [INFO] [INFO] Buscando dados para: "Sabrina Carpenter"
[07/06/2025 23:43:54] [INFO] [INFO] Dados encontrados para: "Sabrina Carpenter"
[07/06/2025 23:43:54] [INFO] [INFO] Buscando dados para: "Thiaguinho"
[07/06/2025 23:43:54] [INFO] [INFO] Dados encontrados para: "Thiaguinho"
[07/06/2025 23:43:54] [INFO] [INFO] Buscando dados para: "Péricles"
[07/06/2025 23:43:54] [INFO] [INFO] Dados encontrados para: "Péricles"
[07/06/2025 23:43:54] [INFO] [INFO] Buscando dados para: "Arlindo Cruz"
[07/06/2025 23:43:55] [INFO] [INFO] Dados encontrados para: "Arlindo Cruz"
[07/06/2025 23:43:55] [INFO] [INFO] Buscando dados para: "Ferrugem"
[07/06/2025 23:43:55] [INFO] [INFO] Dados encontrados para: "Ferrugem"
[07/06/2025 23:43:55] [INFO] [INFO] Buscando dados para: "Grupo Menos é Mais"
[07/06/2025 23:43:55] [INFO] [INFO] Dados encontrados para: "Grupo Menos é Mais"
[07/06/2025 23:43:55] [INFO] [INFO] Buscando dados para: "Sorriso Maroto"
[07/06/2025 23:43:55] [INFO] [INFO] Dados encontrados para: "Sorriso Maroto"
[07/06/2025 23:43:55] [INFO] [INFO] Buscando dados para: "Zeca Pagodinho"
[07/06/2025 23:43:55] [INFO] [INFO] Dados encontrados para: "Zeca Pagodinho"
[07/06/2025 23:43:55] [INFO] [INFO] Buscando dados para: "Pixote"
[07/06/2025 23:43:55] [INFO] [INFO] Dados encontrados para: "Pixote"
[07/06/2025 23:43:55] [INFO] [INFO] Buscando dados para: "Grupo Revelação"
[07/06/2025 23:43:56] [INFO] [INFO] Dados encontrados para: "Grupo Revelação"
[07/06/2025 23:43:56] [INFO] [INFO] Buscando dados para: "Turma do Pagode"
[07/06/2025 23:43:56] [INFO] [INFO] Dados encontrados para: "Turma do Pagode"
[07/06/2025 23:43:56] [INFO] [INFO] Buscando dados para: "Belo"
[07/06/2025 23:43:56] [INFO] [INFO] Dados encontrados para: "Belo"
[07/06/2025 23:43:56] [INFO] [EXCEL] Salvando artistas em planilha Excel com Pandas
[07/06/2025 23:43:57] [INFO] [EXCEL] Arquivo Excel encontrado no S3. Carregando dados existentes (352 registros).
[07/06/2025 23:43:57] [INFO] [EXCEL] Salvamento concluído. Total de registros: 384
[07/06/2025 23:43:57] [INFO] [MAIN] Processo finalizado com sucesso!
[08/06/2025 09:52:13] [INFO] [MAIN] Iniciando processo de coleta de dados na Last.fm...
[08/06/2025 09:52:13] [INFO] [CHECK] Verificando se já houve coleta hoje...
[08/06/2025 09:52:14] [INFO] [CHECK] Nenhum dado coletado hoje. Prosseguindo...
[08/06/2025 09:52:14] [INFO] [INFO] Buscando dados para: "Bruno Mars"
[08/06/2025 09:52:15] [INFO] [INFO] Dados encontrados para: "Bruno Mars"
[08/06/2025 09:52:15] [INFO] [INFO] Buscando dados para: "Ne-Yo"
[08/06/2025 09:52:15] [INFO] [INFO] Dados encontrados para: "Ne-Yo"
[08/06/2025 09:52:15] [INFO] [INFO] Buscando dados para: "Sean Kingston"
[08/06/2025 09:52:15] [INFO] [INFO] Dados encontrados para: "Sean Kingston"
[08/06/2025 09:52:15] [INFO] [INFO] Buscando dados para: "Justin Timberlake"
[08/06/2025 09:52:15] [INFO] [INFO] Dados encontrados para: "Justin Timberlake"
[08/06/2025 09:52:15] [INFO] [INFO] Buscando dados para: "Justin Bieber"
[08/06/2025 09:52:16] [INFO] [INFO] Dados encontrados para: "Justin Bieber"
[08/06/2025 09:52:16] [INFO] [INFO] Buscando dados para: "Usher"
[08/06/2025 09:52:16] [INFO] [INFO] Dados encontrados para: "Usher"
[08/06/2025 09:52:16] [INFO] [INFO] Buscando dados para: "Maroon 5"
[08/06/2025 09:52:16] [INFO] [INFO] Dados encontrados para: "Maroon 5"
[08/06/2025 09:52:16] [INFO] [INFO] Buscando dados para: "The Weeknd"
[08/06/2025 09:52:16] [INFO] [INFO] Dados encontrados para: "The Weeknd"
[08/06/2025 09:52:16] [INFO] [INFO] Buscando dados para: "Akon"
[08/06/2025 09:52:16] [INFO] [INFO] Dados encontrados para: "Akon"
[08/06/2025 09:52:16] [INFO] [INFO] Buscando dados para: "Zayn"
[08/06/2025 09:52:17] [INFO] [INFO] Dados encontrados para: "Zayn"
[08/06/2025 09:52:17] [INFO] [INFO] Buscando dados para: "Lady Gaga"
[08/06/2025 09:52:17] [INFO] [INFO] Dados encontrados para: "Lady Gaga"
[08/06/2025 09:52:17] [INFO] [INFO] Buscando dados para: "Beyoncé"
[08/06/2025 09:52:17] [INFO] [INFO] Dados encontrados para: "Beyoncé"
[08/06/2025 09:52:17] [INFO] [INFO] Buscando dados para: "Dua Lipa"
[08/06/2025 09:52:17] [INFO] [INFO] Dados encontrados para: "Dua Lipa"
[08/06/2025 09:52:17] [INFO] [INFO] Buscando dados para: "Madonna"
[08/06/2025 09:52:17] [INFO] [INFO] Dados encontrados para: "Madonna"
[08/06/2025 09:52:17] [INFO] [INFO] Buscando dados para: "Britney Spears"
[08/06/2025 09:52:18] [INFO] [INFO] Dados encontrados para: "Britney Spears"
[08/06/2025 09:52:18] [INFO] [INFO] Buscando dados para: "Kylie Minogue"
[08/06/2025 09:52:18] [INFO] [INFO] Dados encontrados para: "Kylie Minogue"
[08/06/2025 09:52:18] [INFO] [INFO] Buscando dados para: "Miley Cyrus"
[08/06/2025 09:52:18] [INFO] [INFO] Dados encontrados para: "Miley Cyrus"
[08/06/2025 09:52:18] [INFO] [INFO] Buscando dados para: "Taylor Swift"
[08/06/2025 09:52:18] [INFO] [INFO] Dados encontrados para: "Taylor Swift"
[08/06/2025 09:52:18] [INFO] [INFO] Buscando dados para: "Ariana Grande"
[08/06/2025 09:52:19] [INFO] [INFO] Dados encontrados para: "Ariana Grande"
[08/06/2025 09:52:19] [INFO] [INFO] Buscando dados para: "Katy Perry"
[08/06/2025 09:52:19] [INFO] [INFO] Dados encontrados para: "Katy Perry"
[08/06/2025 09:52:19] [INFO] [INFO] Buscando dados para: "Sabrina Carpenter"
[08/06/2025 09:52:19] [INFO] [INFO] Dados encontrados para: "Sabrina Carpenter"
[08/06/2025 09:52:19] [INFO] [INFO] Buscando dados para: "Thiaguinho"
[08/06/2025 09:52:19] [INFO] [INFO] Dados encontrados para: "Thiaguinho"
[08/06/2025 09:52:19] [INFO] [INFO] Buscando dados para: "Péricles"
[08/06/2025 09:52:20] [INFO] [INFO] Dados encontrados para: "Péricles"
[08/06/2025 09:52:20] [INFO] [INFO] Buscando dados para: "Arlindo Cruz"
[08/06/2025 09:52:20] [INFO] [INFO] Dados encontrados para: "Arlindo Cruz"
[08/06/2025 09:52:20] [INFO] [INFO] Buscando dados para: "Ferrugem"
[08/06/2025 09:52:20] [INFO] [INFO] Dados encontrados para: "Ferrugem"
[08/06/2025 09:52:20] [INFO] [INFO] Buscando dados para: "Grupo Menos é Mais"
[08/06/2025 09:52:21] [INFO] [INFO] Dados encontrados para: "Grupo Menos é Mais"
[08/06/2025 09:52:21] [INFO] [INFO] Buscando dados para: "Sorriso Maroto"
[08/06/2025 09:52:21] [INFO] [INFO] Dados encontrados para: "Sorriso Maroto"
[08/06/2025 09:52:21] [INFO] [INFO] Buscando dados para: "Zeca Pagodinho"
[08/06/2025 09:52:21] [INFO] [INFO] Dados encontrados para: "Zeca Pagodinho"
[08/06/2025 09:52:21] [INFO] [INFO] Buscando dados para: "Pixote"
[08/06/2025 09:52:21] [INFO] [INFO] Dados encontrados para: "Pixote"
[08/06/2025 09:52:21] [INFO] [INFO] Buscando dados para: "Grupo Revelação"
[08/06/2025 09:52:21] [INFO] [INFO] Dados encontrados para: "Grupo Revelação"
[08/06/2025 09:52:21] [INFO] [INFO] Buscando dados para: "Turma do Pagode"
[08/06/2025 09:52:21] [INFO] [INFO] Dados encontrados para: "Turma do Pagode"
[08/06/2025 09:52:21] [INFO] [INFO] Buscando dados para: "Belo"
[08/06/2025 09:52:22] [INFO] [INFO] Dados encontrados para: "Belo"
[08/06/2025 09:52:22] [INFO] [EXCEL] Salvando artistas em planilha Excel com Pandas
[08/06/2025 09:52:23] [INFO] [EXCEL] Arquivo Excel encontrado no S3. Carregando dados existentes (384 registros).
[08/06/2025 09:52:23] [INFO] [EXCEL] Salvamento concluído. Total de registros: 416
[08/06/2025 09:52:23] [INFO] [MAIN] Processo finalizado com sucesso!
